Listening to directory: /Users/samba_user/sambashare
Starting now...
Permission-setting on directory: /Users/samba_user/sambashare/test_dir
Doing command: chmod 777 <new_dir>
Ran chmod.
DICOMs found:        2
Ran chmod.
DICOMs found:        2
Ran chmod.
DICOMs found:        2
Ran chmod.
DICOMs found:        2
Ran chmod.
DICOMs found:        2
Ran chmod.
DICOMs found:        2
Ran chmod.
DICOMs found:        2
Ran chmod.
DICOMs found:        2
Ran chmod.
DICOMs found:        2
Ran chmod.
DICOMs found:        2
Ran chmod.
DICOMs found:        2
Ran chmod.
DICOMs found:        2
Ran chmod.
DICOMs found:        2
Ran chmod.
DICOMs found:        2
Ran chmod.
DICOMs found:        2
Ran chmod.
DICOMs found:        2
Ran chmod.
DICOMs found:        2
Ran chmod.
DICOMs found:        2
Ran chmod.
DICOMs found:        2
Ran chmod.
DICOMs found:        2
Ran chmod.
DICOMs found:        2
Ran chmod.
DICOMs found:        2
Ran chmod.
DICOMs found:        2
Ran chmod.
DICOMs found:        2
Ran chmod.
DICOMs found:        2
Ran chmod.
DICOMs found:        2
Ran chmod.
DICOMs found:        2
Ran chmod.
DICOMs found:        2
Ran chmod.
DICOMs found:        2
Ran chmod.
DICOMs found:        2
Ran chmod.
DICOMs found:        2
Ran chmod.
DICOMs found:        2
Ran chmod.
DICOMs found:        2
Ran chmod.
DICOMs found:        2
Ran chmod.
DICOMs found:        2
Ran chmod.
DICOMs found:        2
Ran chmod.
DICOMs found:        2
Ran chmod.
DICOMs found:        2
Ran chmod.
DICOMs found:        2
Ran chmod.
DICOMs found:        2
Ran chmod.
DICOMs found:        2
Ran chmod.
DICOMs found:        2
Ran chmod.
DICOMs found:        2
Ran chmod.
DICOMs found:        2
Ran chmod.
DICOMs found:        2
Ran chmod.
DICOMs found:        2
Ran chmod.
DICOMs found:        2
Ran chmod.
DICOMs found:        2
Ran chmod.
DICOMs found:        2
Ran chmod.
DICOMs found:        2
Ran chmod.
DICOMs found:        2
Ran chmod.
DICOMs found:        2
Ran chmod.
DICOMs found:        2
Ran chmod.
DICOMs found:        2
Ran chmod.
DICOMs found:        2
Ran chmod.
DICOMs found:        2
Ran chmod.
DICOMs found:        2
Ran chmod.
DICOMs found:        2
Ran chmod.
DICOMs found:        2
Ran chmod.
DICOMs found:        2
Ran chmod.
DICOMs found:        2
Ran chmod.
DICOMs found:        2
Ran chmod.
DICOMs found:        2
Ran chmod.
DICOMs found:        2
Ran chmod.
DICOMs found:        2
Ran chmod.
DICOMs found:        2
Ran chmod.
DICOMs found:        2
Ran chmod.
DICOMs found:        2
Ran chmod.
DICOMs found:        2
Ran chmod.
DICOMs found:        2
Ran chmod.
DICOMs found:        2
Ran chmod.
DICOMs found:        2
Ran chmod.
DICOMs found:        2
Ran chmod.
DICOMs found:        2
Ran chmod.
DICOMs found:        2
Ran chmod.
DICOMs found:        2
Ran chmod.
DICOMs found:        2
Ran chmod.
DICOMs found:        2
Ran chmod.
DICOMs found:        2
Ran chmod.
DICOMs found:        2
Ran chmod.
DICOMs found:        2
Ran chmod.
DICOMs found:        2
Ran chmod.
DICOMs found:        2
Ran chmod.
DICOMs found:        2
Ran chmod.
DICOMs found:        2
Ran chmod.
DICOMs found:        2
Ran chmod.
DICOMs found:        2
Ran chmod.
DICOMs found:        2
Ran chmod.
DICOMs found:        2
Ran chmod.
DICOMs found:        2
Ran chmod.
DICOMs found:        2
Ran chmod.
DICOMs found:        2
Ran chmod.
DICOMs found:        2
Ran chmod.
DICOMs found:        2
Ran chmod.
DICOMs found:        2
Ran chmod.
DICOMs found:        2
Ran chmod.
DICOMs found:        2
Ran chmod.
DICOMs found:        2
Ran chmod.
DICOMs found:        2
Ran chmod.
DICOMs found:        2
Ran chmod.
DICOMs found:        2
Ran chmod.
DICOMs found:        2
Ran chmod.
DICOMs found:        2
Ran chmod.
DICOMs found:        2
Ran chmod.
DICOMs found:        2
Ran chmod.
DICOMs found:        2
Ran chmod.
DICOMs found:        2
Ran chmod.
DICOMs found:        2
Ran chmod.
DICOMs found:        2
Ran chmod.
DICOMs found:        2
Ran chmod.
DICOMs found:        2
Ran chmod.
DICOMs found:        2
Ran chmod.
DICOMs found:        2
Ran chmod.
DICOMs found:        2
Ran chmod.
DICOMs found:        2
Ran chmod.
DICOMs found:        2
Ran chmod.
DICOMs found:        2
Ran chmod.
DICOMs found:        2
Ran chmod.
DICOMs found:        2
Ran chmod.
DICOMs found:        2
Ran chmod.
DICOMs found:        2
Ran chmod.
DICOMs found:        2
Ran chmod.
DICOMs found:        2
Ran chmod.
DICOMs found:        2
Ran chmod.
DICOMs found:        2
Ran chmod.
DICOMs found:        2
Ran chmod.
DICOMs found:        2
Ran chmod.
DICOMs found:        2
Ran chmod.
DICOMs found:        2
Ran chmod.
DICOMs found:        2
Ran chmod.
DICOMs found:        2
Ran chmod.
DICOMs found:        2
Ran chmod.
DICOMs found:        2
Ran chmod.
DICOMs found:        2
Ran chmod.
DICOMs found:        2
Ran chmod.
DICOMs found:        2
Ran chmod.
DICOMs found:        2
Ran chmod.
DICOMs found:        2
Ran chmod.
DICOMs found:        2
Ran chmod.
DICOMs found:        2
Ran chmod.
DICOMs found:        2
Ran chmod.
DICOMs found:        2
Ran chmod.
DICOMs found:        2
Ran chmod.
DICOMs found:        2
Ran chmod.
DICOMs found:        2
Ran chmod.
DICOMs found:        2
Ran chmod.
DICOMs found:        2
Ran chmod.
DICOMs found:        2
Ran chmod.
DICOMs found:        2
Ran chmod.
DICOMs found:        2
Ran chmod.
DICOMs found:        2
Ran chmod.
DICOMs found:        2
Ran chmod.
DICOMs found:        2
Ran chmod.
DICOMs found:        2
Ran chmod.
DICOMs found:        2
Ran chmod.
DICOMs found:        2
Ran chmod.
DICOMs found:        2
Ran chmod.
DICOMs found:        2
Ran chmod.
DICOMs found:        2
Ran chmod.
DICOMs found:        2
Ran chmod.
DICOMs found:        2
Ran chmod.
DICOMs found:        2
Ran chmod.
DICOMs found:        2
Ran chmod.
DICOMs found:        2
Ran chmod.
DICOMs found:        2
Ran chmod.
DICOMs found:        2
Ran chmod.
DICOMs found:        2
Ran chmod.
DICOMs found:        3
Ran chmod.
DICOMs found:        3
Ran chmod.
DICOMs found:        3
Ran chmod.
DICOMs found:        3
Ran chmod.
DICOMs found:        3
Ran chmod.
DICOMs found:        3
Ran chmod.
DICOMs found:        3
Ran chmod.
DICOMs found:        3
Ran chmod.
DICOMs found:        3
Ran chmod.
DICOMs found:        4
Ran chmod.
DICOMs found:        4
Ran chmod.
DICOMs found:        4
Ran chmod.
DICOMs found:        4
Ran chmod.
DICOMs found:        4
Ran chmod.
DICOMs found:        4
Ran chmod.
DICOMs found:        4
Ran chmod.
DICOMs found:        4
Ran chmod.
DICOMs found:        4
Ran chmod.
DICOMs found:        5
Ran chmod.
DICOMs found:        5
Ran chmod.
DICOMs found:        5
Ran chmod.
DICOMs found:        5
Ran chmod.
DICOMs found:        5
Ran chmod.
DICOMs found:        5
Ran chmod.
DICOMs found:        5
Ran chmod.
DICOMs found:        5
Ran chmod.
DICOMs found:        6
Ran chmod.
DICOMs found:        6
Ran chmod.
DICOMs found:        6
Ran chmod.
DICOMs found:        6
Ran chmod.
DICOMs found:        6
Ran chmod.
DICOMs found:        6
Ran chmod.
DICOMs found:        6
Ran chmod.
DICOMs found:        6
Ran chmod.
DICOMs found:        6
Ran chmod.
DICOMs found:        7
Ran chmod.
DICOMs found:        7
Ran chmod.
DICOMs found:        7
Ran chmod.
DICOMs found:        7
Ran chmod.
DICOMs found:        7
Ran chmod.
DICOMs found:        7
Ran chmod.
DICOMs found:        7
Ran chmod.
DICOMs found:        7
Ran chmod.
DICOMs found:        7
Ran chmod.
DICOMs found:        8
Ran chmod.
DICOMs found:        8
Ran chmod.
DICOMs found:        8
Ran chmod.
DICOMs found:        8
Ran chmod.
DICOMs found:        8
Ran chmod.
DICOMs found:        8
Ran chmod.
DICOMs found:        8
Ran chmod.
DICOMs found:        8
Ran chmod.
DICOMs found:        8
Ran chmod.
DICOMs found:        9
Ran chmod.
DICOMs found:        9
Ran chmod.
DICOMs found:        9
Ran chmod.
DICOMs found:        9
Ran chmod.
DICOMs found:        9
Ran chmod.
DICOMs found:        9
Ran chmod.
DICOMs found:        9
Ran chmod.
DICOMs found:        9
Ran chmod.
DICOMs found:        9
Ran chmod.
DICOMs found:       10
Ran chmod.
DICOMs found:       10
Ran chmod.
DICOMs found:       10
Ran chmod.
DICOMs found:       10
Ran chmod.
DICOMs found:       10
Ran chmod.
DICOMs found:       10
Ran chmod.
DICOMs found:       10
Ran chmod.
DICOMs found:       10
Ran chmod.
DICOMs found:       10
Ran chmod.
DICOMs found:       11
Ran chmod.
DICOMs found:       11
Ran chmod.
DICOMs found:       11
Ran chmod.
DICOMs found:       11
Ran chmod.
DICOMs found:       11
Ran chmod.
DICOMs found:       11
Ran chmod.
DICOMs found:       11
Ran chmod.
DICOMs found:       11
Ran chmod.
DICOMs found:       11
Ran chmod.
DICOMs found:       12
Ran chmod.
DICOMs found:       12
Ran chmod.
DICOMs found:       12
Ran chmod.
DICOMs found:       12
Ran chmod.
DICOMs found:       12
Ran chmod.
DICOMs found:       12
Ran chmod.
DICOMs found:       12
Ran chmod.
DICOMs found:       12
Ran chmod.
DICOMs found:       12
Ran chmod.
DICOMs found:       12
Ran chmod.
DICOMs found:       12
Ran chmod.
DICOMs found:       12
Ran chmod.
DICOMs found:       12
Ran chmod.
DICOMs found:       12
Ran chmod.
DICOMs found:       12
Ran chmod.
DICOMs found:       12
Ran chmod.
DICOMs found:       12
Ran chmod.
DICOMs found:       12
Ran chmod.
DICOMs found:       12
Ran chmod.
DICOMs found:       12
Ran chmod.
DICOMs found:       12
Ran chmod.
DICOMs found:       12
Ran chmod.
DICOMs found:       12
Ran chmod.
DICOMs found:       12
Ran chmod.
DICOMs found:       12
Ran chmod.
DICOMs found:       12
Ran chmod.
DICOMs found:       12
Ran chmod.
DICOMs found:       12
Ran chmod.
DICOMs found:       12
Ran chmod.
DICOMs found:       12
Ran chmod.
DICOMs found:       12
Ran chmod.
DICOMs found:       12
Ran chmod.
DICOMs found:       12
Ran chmod.
DICOMs found:       12
Ran chmod.
DICOMs found:       12
Ran chmod.
DICOMs found:       12
Ran chmod.
DICOMs found:       12
Ran chmod.
DICOMs found:       12
Ran chmod.
DICOMs found:       12
Ran chmod.
DICOMs found:       12
Ran chmod.
DICOMs found:       12
Ran chmod.
DICOMs found:       12
Ran chmod.
DICOMs found:       12
Ran chmod.
DICOMs found:       12
Ran chmod.
DICOMs found:       12
Ran chmod.
DICOMs found:       12
Ran chmod.
DICOMs found:       12
Ran chmod.
DICOMs found:       12
Ran chmod.
DICOMs found:       13
Ran chmod.
DICOMs found:       13
Ran chmod.
DICOMs found:       13
Ran chmod.
DICOMs found:       13
Ran chmod.
DICOMs found:       13
Ran chmod.
DICOMs found:       13
Ran chmod.
DICOMs found:       13
Ran chmod.
DICOMs found:       13
Ran chmod.
DICOMs found:       13
Ran chmod.
DICOMs found:       14
Ran chmod.
DICOMs found:       14
Ran chmod.
DICOMs found:       14
Ran chmod.
DICOMs found:       14
Ran chmod.
DICOMs found:       14
Ran chmod.
DICOMs found:       14
Ran chmod.
DICOMs found:       14
Ran chmod.
DICOMs found:       14
Ran chmod.
DICOMs found:       15
Ran chmod.
DICOMs found:       15
Ran chmod.
DICOMs found:       15
Ran chmod.
DICOMs found:       15
Ran chmod.
DICOMs found:       15
Ran chmod.
DICOMs found:       15
Ran chmod.
DICOMs found:       15
Ran chmod.
DICOMs found:       15
Ran chmod.
DICOMs found:       15
Ran chmod.
DICOMs found:       16
Ran chmod.
DICOMs found:       16
Ran chmod.
DICOMs found:       16
Ran chmod.
DICOMs found:       16
Ran chmod.
DICOMs found:       16
Ran chmod.
DICOMs found:       16
Ran chmod.
DICOMs found:       16
Ran chmod.
DICOMs found:       16
Ran chmod.
DICOMs found:       16
Ran chmod.
DICOMs found:       17
Ran chmod.
DICOMs found:       17
Ran chmod.
DICOMs found:       17
Ran chmod.
DICOMs found:       17
Ran chmod.
DICOMs found:       17
Ran chmod.
DICOMs found:       17
Ran chmod.
DICOMs found:       17
Ran chmod.
DICOMs found:       17
Ran chmod.
DICOMs found:       17
Ran chmod.
DICOMs found:       18
Ran chmod.
DICOMs found:       18
Ran chmod.
DICOMs found:       18
Ran chmod.
DICOMs found:       18
Ran chmod.
DICOMs found:       18
Ran chmod.
DICOMs found:       18
Ran chmod.
DICOMs found:       18
Ran chmod.
DICOMs found:       18
Ran chmod.
DICOMs found:       18
Ran chmod.
DICOMs found:       19
Ran chmod.
DICOMs found:       19
Ran chmod.
DICOMs found:       19
Ran chmod.
DICOMs found:       19
Ran chmod.
DICOMs found:       19
Ran chmod.
DICOMs found:       19
Ran chmod.
DICOMs found:       19
Ran chmod.
DICOMs found:       19
Ran chmod.
DICOMs found:       19
Ran chmod.
DICOMs found:       20
Ran chmod.
DICOMs found:       20
Ran chmod.
DICOMs found:       20
Ran chmod.
DICOMs found:       20
Ran chmod.
DICOMs found:       20
Ran chmod.
DICOMs found:       20
Ran chmod.
DICOMs found:       20
Ran chmod.
DICOMs found:       20
Ran chmod.
DICOMs found:       21
Ran chmod.
DICOMs found:       21
Ran chmod.
DICOMs found:       21
Ran chmod.
DICOMs found:       21
Ran chmod.
DICOMs found:       21
Ran chmod.
DICOMs found:       21
Ran chmod.
DICOMs found:       21
Ran chmod.
DICOMs found:       21
Ran chmod.
DICOMs found:       21
Ran chmod.
DICOMs found:       22
Ran chmod.
DICOMs found:       22
Ran chmod.
DICOMs found:       22
Ran chmod.
DICOMs found:       22
Ran chmod.
DICOMs found:       22
Ran chmod.
DICOMs found:       22
Ran chmod.
DICOMs found:       22
Ran chmod.
DICOMs found:       22
Ran chmod.
DICOMs found:       22
Ran chmod.
DICOMs found:       23
Ran chmod.
DICOMs found:       23
Ran chmod.
DICOMs found:       23
Ran chmod.
DICOMs found:       23
Ran chmod.
DICOMs found:       23
Ran chmod.
DICOMs found:       23
Ran chmod.
DICOMs found:       23
Ran chmod.
DICOMs found:       23
Ran chmod.
DICOMs found:       23
Ran chmod.
DICOMs found:       24
Ran chmod.
DICOMs found:       24
Ran chmod.
DICOMs found:       24
Ran chmod.
DICOMs found:       24
Ran chmod.
DICOMs found:       24
Ran chmod.
DICOMs found:       24
Ran chmod.
DICOMs found:       24
Ran chmod.
DICOMs found:       24
Ran chmod.
DICOMs found:       24
Ran chmod.
DICOMs found:       25
Ran chmod.
DICOMs found:       25
Ran chmod.
DICOMs found:       25
Ran chmod.
DICOMs found:       25
Ran chmod.
DICOMs found:       25
Ran chmod.
DICOMs found:       25
Ran chmod.
DICOMs found:       25
Ran chmod.
DICOMs found:       25
Ran chmod.
DICOMs found:       25
Ran chmod.
DICOMs found:       26
Ran chmod.
DICOMs found:       26
Ran chmod.
DICOMs found:       26
Ran chmod.
DICOMs found:       26
Ran chmod.
DICOMs found:       26
Ran chmod.
DICOMs found:       26
Ran chmod.
DICOMs found:       26
Ran chmod.
DICOMs found:       26
Ran chmod.
DICOMs found:       26
Ran chmod.
DICOMs found:       27
Ran chmod.
DICOMs found:       27
Ran chmod.
DICOMs found:       27
Ran chmod.
DICOMs found:       27
Ran chmod.
DICOMs found:       27
Ran chmod.
DICOMs found:       27
Ran chmod.
DICOMs found:       27
Ran chmod.
DICOMs found:       27
Ran chmod.
DICOMs found:       28
Ran chmod.
DICOMs found:       28
Ran chmod.
DICOMs found:       28
Ran chmod.
DICOMs found:       28
Ran chmod.
DICOMs found:       28
Ran chmod.
DICOMs found:       28
Ran chmod.
DICOMs found:       28
Ran chmod.
DICOMs found:       28
Ran chmod.
DICOMs found:       28
Ran chmod.
DICOMs found:       29
Ran chmod.
DICOMs found:       29
Ran chmod.
DICOMs found:       29
Ran chmod.
DICOMs found:       29
Ran chmod.
DICOMs found:       29
Ran chmod.
DICOMs found:       29
Ran chmod.
DICOMs found:       29
Ran chmod.
DICOMs found:       29
Ran chmod.
DICOMs found:       29
Ran chmod.
DICOMs found:       30
Ran chmod.
DICOMs found:       30
Ran chmod.
DICOMs found:       30
Ran chmod.
DICOMs found:       30
Ran chmod.
DICOMs found:       30
Ran chmod.
DICOMs found:       30
Ran chmod.
DICOMs found:       30
Ran chmod.
DICOMs found:       30
Ran chmod.
DICOMs found:       30
Ran chmod.
DICOMs found:       31
Ran chmod.
DICOMs found:       31
Ran chmod.
DICOMs found:       31
Ran chmod.
DICOMs found:       31
Ran chmod.
DICOMs found:       31
Ran chmod.
DICOMs found:       31
Ran chmod.
DICOMs found:       31
Ran chmod.
DICOMs found:       31
Ran chmod.
DICOMs found:       31
Ran chmod.
DICOMs found:       32
Ran chmod.
DICOMs found:       32
Ran chmod.
DICOMs found:       32
Ran chmod.
DICOMs found:       32
Ran chmod.
DICOMs found:       32
Ran chmod.
DICOMs found:       32
Ran chmod.
DICOMs found:       32
Ran chmod.
DICOMs found:       32
Ran chmod.
DICOMs found:       32
Ran chmod.
DICOMs found:       33
Ran chmod.
DICOMs found:       33
Ran chmod.
DICOMs found:       33
Ran chmod.
DICOMs found:       33
Ran chmod.
DICOMs found:       33
Ran chmod.
DICOMs found:       33
Ran chmod.
DICOMs found:       33
Ran chmod.
DICOMs found:       33
Ran chmod.
DICOMs found:       33
Ran chmod.
DICOMs found:       34
Ran chmod.
DICOMs found:       34
Ran chmod.
DICOMs found:       34
Ran chmod.
DICOMs found:       34
Ran chmod.
DICOMs found:       34
Ran chmod.
DICOMs found:       34
Ran chmod.
DICOMs found:       34
Ran chmod.
DICOMs found:       34
Ran chmod.
DICOMs found:       34
Ran chmod.
DICOMs found:       35
Ran chmod.
DICOMs found:       35
Ran chmod.
DICOMs found:       35
Ran chmod.
DICOMs found:       35
Ran chmod.
DICOMs found:       35
Ran chmod.
DICOMs found:       35
Ran chmod.
DICOMs found:       35
Ran chmod.
DICOMs found:       35
Ran chmod.
DICOMs found:       36
Ran chmod.
DICOMs found:       36
Ran chmod.
DICOMs found:       36
Ran chmod.
DICOMs found:       36
Ran chmod.
DICOMs found:       36
Ran chmod.
DICOMs found:       36
Ran chmod.
DICOMs found:       36
Ran chmod.
DICOMs found:       36
Ran chmod.
DICOMs found:       36
Ran chmod.
DICOMs found:       37
Ran chmod.
DICOMs found:       37
Ran chmod.
DICOMs found:       37
Ran chmod.
DICOMs found:       37
Ran chmod.
DICOMs found:       37
Ran chmod.
DICOMs found:       37
Ran chmod.
DICOMs found:       37
Ran chmod.
DICOMs found:       37
Ran chmod.
DICOMs found:       37
Ran chmod.
DICOMs found:       38
Ran chmod.
DICOMs found:       38
Ran chmod.
DICOMs found:       38
Ran chmod.
DICOMs found:       38
Ran chmod.
DICOMs found:       38
Ran chmod.
DICOMs found:       38
Ran chmod.
DICOMs found:       38
Ran chmod.
DICOMs found:       38
Ran chmod.
DICOMs found:       38
Ran chmod.
DICOMs found:       39
Ran chmod.
DICOMs found:       39
Ran chmod.
DICOMs found:       39
Ran chmod.
DICOMs found:       39
Ran chmod.
DICOMs found:       39
Ran chmod.
DICOMs found:       39
Ran chmod.
DICOMs found:       39
Ran chmod.
DICOMs found:       39
Ran chmod.
DICOMs found:       39
Ran chmod.
DICOMs found:       40
Ran chmod.
DICOMs found:       40
Ran chmod.
DICOMs found:       40
Ran chmod.
DICOMs found:       40
Ran chmod.
DICOMs found:       40
Ran chmod.
DICOMs found:       40
Ran chmod.
DICOMs found:       40
Ran chmod.
DICOMs found:       40
Ran chmod.
DICOMs found:       40
Ran chmod.
DICOMs found:       41
Ran chmod.
DICOMs found:       41
Ran chmod.
DICOMs found:       41
Ran chmod.
DICOMs found:       41
Ran chmod.
DICOMs found:       41
Ran chmod.
DICOMs found:       41
Ran chmod.
DICOMs found:       41
Ran chmod.
DICOMs found:       41
Ran chmod.
DICOMs found:       41
Ran chmod.
DICOMs found:       42
Ran chmod.
DICOMs found:       42
Ran chmod.
DICOMs found:       42
Ran chmod.
DICOMs found:       42
Ran chmod.
DICOMs found:       42
Ran chmod.
DICOMs found:       42
Ran chmod.
DICOMs found:       42
Ran chmod.
DICOMs found:       42
Ran chmod.
DICOMs found:       43
Ran chmod.
DICOMs found:       43
Ran chmod.
DICOMs found:       43
Ran chmod.
DICOMs found:       43
Ran chmod.
DICOMs found:       43
Ran chmod.
DICOMs found:       43
Ran chmod.
DICOMs found:       43
Ran chmod.
DICOMs found:       43
Ran chmod.
DICOMs found:       43
Ran chmod.
DICOMs found:       44
Ran chmod.
DICOMs found:       44
Ran chmod.
DICOMs found:       44
Ran chmod.
DICOMs found:       44
Ran chmod.
DICOMs found:       44
Ran chmod.
DICOMs found:       44
Ran chmod.
DICOMs found:       44
Ran chmod.
DICOMs found:       44
Ran chmod.
DICOMs found:       44
Ran chmod.
DICOMs found:       45
Ran chmod.
DICOMs found:       45
Ran chmod.
DICOMs found:       45
Ran chmod.
DICOMs found:       45
Ran chmod.
DICOMs found:       45
Ran chmod.
DICOMs found:       45
Ran chmod.
DICOMs found:       45
Ran chmod.
DICOMs found:       45
Ran chmod.
DICOMs found:       45
Ran chmod.
DICOMs found:       46
Ran chmod.
DICOMs found:       46
Ran chmod.
DICOMs found:       46
Ran chmod.
DICOMs found:       46
Ran chmod.
DICOMs found:       46
Ran chmod.
DICOMs found:       46
Ran chmod.
DICOMs found:       46
Ran chmod.
DICOMs found:       46
Ran chmod.
DICOMs found:       46
Ran chmod.
DICOMs found:       47
Ran chmod.
DICOMs found:       47
Ran chmod.
DICOMs found:       47
Ran chmod.
DICOMs found:       47
Ran chmod.
DICOMs found:       47
Ran chmod.
DICOMs found:       47
Ran chmod.
DICOMs found:       47
Ran chmod.
DICOMs found:       47
Ran chmod.
DICOMs found:       47
Ran chmod.
DICOMs found:       48
Ran chmod.
DICOMs found:       48
Ran chmod.
DICOMs found:       48
Ran chmod.
DICOMs found:       48
Ran chmod.
DICOMs found:       48
Ran chmod.
DICOMs found:       48
Ran chmod.
DICOMs found:       48
Ran chmod.
DICOMs found:       48
Ran chmod.
DICOMs found:       48
Ran chmod.
DICOMs found:       49
Ran chmod.
DICOMs found:       49
Ran chmod.
DICOMs found:       49
Ran chmod.
DICOMs found:       49
Ran chmod.
DICOMs found:       49
Ran chmod.
DICOMs found:       49
Ran chmod.
DICOMs found:       49
Ran chmod.
DICOMs found:       49
Ran chmod.
DICOMs found:       50
Ran chmod.
DICOMs found:       50
Ran chmod.
DICOMs found:       50
Ran chmod.
DICOMs found:       50
Ran chmod.
DICOMs found:       50
Ran chmod.
DICOMs found:       50
Ran chmod.
DICOMs found:       50
Ran chmod.
DICOMs found:       50
Ran chmod.
DICOMs found:       50
Ran chmod.
DICOMs found:       51
Ran chmod.
DICOMs found:       51
Ran chmod.
DICOMs found:       51
Ran chmod.
DICOMs found:       51
Ran chmod.
DICOMs found:       51
Ran chmod.
DICOMs found:       51
Ran chmod.
DICOMs found:       51
Ran chmod.
DICOMs found:       51
Ran chmod.
DICOMs found:       51
Ran chmod.
DICOMs found:       52
Ran chmod.
DICOMs found:       52
Ran chmod.
DICOMs found:       52
Ran chmod.
DICOMs found:       52
Ran chmod.
DICOMs found:       52
Ran chmod.
DICOMs found:       52
Ran chmod.
DICOMs found:       52
Ran chmod.
DICOMs found:       52
Ran chmod.
DICOMs found:       52
Ran chmod.
DICOMs found:       53
Ran chmod.
DICOMs found:       53
Ran chmod.
DICOMs found:       53
Ran chmod.
DICOMs found:       53
Ran chmod.
DICOMs found:       53
Ran chmod.
DICOMs found:       53
Ran chmod.
DICOMs found:       53
Ran chmod.
DICOMs found:       53
Ran chmod.
DICOMs found:       53
Ran chmod.
DICOMs found:       54
Ran chmod.
DICOMs found:       54
Ran chmod.
DICOMs found:       54
Ran chmod.
DICOMs found:       54
Ran chmod.
DICOMs found:       54
Ran chmod.
DICOMs found:       54
Ran chmod.
DICOMs found:       54
Ran chmod.
DICOMs found:       54
Ran chmod.
DICOMs found:       54
Ran chmod.
DICOMs found:       55
Ran chmod.
DICOMs found:       55
Ran chmod.
DICOMs found:       55
Ran chmod.
DICOMs found:       55
Ran chmod.
DICOMs found:       55
Ran chmod.
DICOMs found:       55
Ran chmod.
DICOMs found:       55
Ran chmod.
DICOMs found:       55
Ran chmod.
DICOMs found:       56
Ran chmod.
DICOMs found:       56
Ran chmod.
DICOMs found:       56
Ran chmod.
DICOMs found:       56
Ran chmod.
DICOMs found:       56
Ran chmod.
DICOMs found:       56
Ran chmod.
DICOMs found:       56
Ran chmod.
DICOMs found:       56
Ran chmod.
DICOMs found:       56
Ran chmod.
DICOMs found:       57
Ran chmod.
DICOMs found:       57
Ran chmod.
DICOMs found:       57
Ran chmod.
DICOMs found:       57
Ran chmod.
DICOMs found:       57
Ran chmod.
DICOMs found:       57
Ran chmod.
DICOMs found:       57
Ran chmod.
DICOMs found:       57
Ran chmod.
DICOMs found:       57
Ran chmod.
DICOMs found:       58
Ran chmod.
DICOMs found:       58
Ran chmod.
DICOMs found:       58
Ran chmod.
DICOMs found:       58
Ran chmod.
DICOMs found:       58
Ran chmod.
DICOMs found:       58
Ran chmod.
DICOMs found:       58
Ran chmod.
DICOMs found:       58
Ran chmod.
DICOMs found:       58
Ran chmod.
DICOMs found:       59
Ran chmod.
DICOMs found:       59
Ran chmod.
DICOMs found:       59
Ran chmod.
DICOMs found:       59
Ran chmod.
DICOMs found:       59
Ran chmod.
DICOMs found:       59
Ran chmod.
DICOMs found:       59
Ran chmod.
DICOMs found:       59
Ran chmod.
DICOMs found:       59
Ran chmod.
DICOMs found:       60
Ran chmod.
DICOMs found:       60
Ran chmod.
DICOMs found:       60
Ran chmod.
DICOMs found:       60
Ran chmod.
DICOMs found:       60
Ran chmod.
DICOMs found:       60
Ran chmod.
DICOMs found:       60
Ran chmod.
DICOMs found:       60
Ran chmod.
DICOMs found:       60
Ran chmod.
DICOMs found:       61
Ran chmod.
DICOMs found:       61
Ran chmod.
DICOMs found:       61
Ran chmod.
DICOMs found:       61
Ran chmod.
DICOMs found:       61
Ran chmod.
DICOMs found:       61
Ran chmod.
DICOMs found:       61
Ran chmod.
DICOMs found:       61
Ran chmod.
DICOMs found:       62
Ran chmod.
DICOMs found:       62
Ran chmod.
DICOMs found:       62
Ran chmod.
DICOMs found:       62
Ran chmod.
DICOMs found:       62
Ran chmod.
DICOMs found:       62
Ran chmod.
DICOMs found:       62
Ran chmod.
DICOMs found:       62
Ran chmod.
DICOMs found:       62
Ran chmod.
DICOMs found:       63
Ran chmod.
DICOMs found:       63
Ran chmod.
DICOMs found:       63
Ran chmod.
DICOMs found:       63
Ran chmod.
DICOMs found:       63
Ran chmod.
DICOMs found:       63
Ran chmod.
DICOMs found:       63
Ran chmod.
DICOMs found:       63
Ran chmod.
DICOMs found:       63
Ran chmod.
DICOMs found:       64
Ran chmod.
DICOMs found:       64
Ran chmod.
DICOMs found:       64
Ran chmod.
DICOMs found:       64
Ran chmod.
DICOMs found:       64
Ran chmod.
DICOMs found:       64
Ran chmod.
DICOMs found:       64
Ran chmod.
DICOMs found:       64
Ran chmod.
DICOMs found:       64
Ran chmod.
DICOMs found:       65
Ran chmod.
DICOMs found:       65
Ran chmod.
DICOMs found:       65
Ran chmod.
DICOMs found:       65
Ran chmod.
DICOMs found:       65
Ran chmod.
DICOMs found:       65
Ran chmod.
DICOMs found:       65
Ran chmod.
DICOMs found:       65
Ran chmod.
DICOMs found:       65
Ran chmod.
DICOMs found:       66
Ran chmod.
DICOMs found:       66
Ran chmod.
DICOMs found:       66
Ran chmod.
DICOMs found:       66
Ran chmod.
DICOMs found:       66
Ran chmod.
DICOMs found:       66
Ran chmod.
DICOMs found:       66
Ran chmod.
DICOMs found:       66
Ran chmod.
DICOMs found:       67
Ran chmod.
DICOMs found:       67
Ran chmod.
DICOMs found:       67
Ran chmod.
DICOMs found:       67
Ran chmod.
DICOMs found:       67
Ran chmod.
DICOMs found:       67
Ran chmod.
DICOMs found:       67
Ran chmod.
DICOMs found:       67
Ran chmod.
DICOMs found:       67
Ran chmod.
DICOMs found:       68
Ran chmod.
DICOMs found:       68
Ran chmod.
DICOMs found:       68
Ran chmod.
DICOMs found:       68
Ran chmod.
DICOMs found:       68
Ran chmod.
DICOMs found:       68
Ran chmod.
DICOMs found:       68
Ran chmod.
DICOMs found:       68
Ran chmod.
DICOMs found:       68
Ran chmod.
DICOMs found:       69
Ran chmod.
DICOMs found:       69
Ran chmod.
DICOMs found:       69
Ran chmod.
DICOMs found:       69
Ran chmod.
DICOMs found:       69
Ran chmod.
DICOMs found:       69
Ran chmod.
DICOMs found:       69
Ran chmod.
DICOMs found:       69
Ran chmod.
DICOMs found:       69
Ran chmod.
DICOMs found:       70
Ran chmod.
DICOMs found:       70
Ran chmod.
DICOMs found:       70
Ran chmod.
DICOMs found:       70
Ran chmod.
DICOMs found:       70
Ran chmod.
DICOMs found:       70
Ran chmod.
DICOMs found:       70
Ran chmod.
DICOMs found:       70
Ran chmod.
DICOMs found:       70
Ran chmod.
DICOMs found:       71
Ran chmod.
DICOMs found:       71
Ran chmod.
DICOMs found:       71
Ran chmod.
DICOMs found:       71
Ran chmod.
DICOMs found:       71
Ran chmod.
DICOMs found:       71
Ran chmod.
DICOMs found:       71
Ran chmod.
DICOMs found:       71
Ran chmod.
DICOMs found:       71
Ran chmod.
DICOMs found:       72
Ran chmod.
DICOMs found:       72
Ran chmod.
DICOMs found:       72
Ran chmod.
DICOMs found:       72
Ran chmod.
DICOMs found:       72
Ran chmod.
DICOMs found:       72
Ran chmod.
DICOMs found:       72
Ran chmod.
DICOMs found:       72
Ran chmod.
DICOMs found:       73
Ran chmod.
DICOMs found:       73
Ran chmod.
DICOMs found:       73
Ran chmod.
DICOMs found:       73
Ran chmod.
DICOMs found:       73
Ran chmod.
DICOMs found:       73
Ran chmod.
DICOMs found:       73
Ran chmod.
DICOMs found:       73
Ran chmod.
DICOMs found:       73
Ran chmod.
DICOMs found:       74
Ran chmod.
DICOMs found:       74
Ran chmod.
DICOMs found:       74
Ran chmod.
DICOMs found:       74
Ran chmod.
DICOMs found:       74
Ran chmod.
DICOMs found:       74
Ran chmod.
DICOMs found:       74
Ran chmod.
DICOMs found:       74
Ran chmod.
DICOMs found:       74
Ran chmod.
DICOMs found:       75
Ran chmod.
DICOMs found:       75
Ran chmod.
DICOMs found:       75
Ran chmod.
DICOMs found:       75
Ran chmod.
DICOMs found:       75
Ran chmod.
DICOMs found:       75
Ran chmod.
DICOMs found:       75
Ran chmod.
DICOMs found:       75
Ran chmod.
DICOMs found:       75
Ran chmod.
DICOMs found:       76
Ran chmod.
DICOMs found:       76
Ran chmod.
DICOMs found:       76
Ran chmod.
DICOMs found:       76
Ran chmod.
DICOMs found:       76
Ran chmod.
DICOMs found:       76
Ran chmod.
DICOMs found:       76
Ran chmod.
DICOMs found:       76
Ran chmod.
DICOMs found:       76
Ran chmod.
DICOMs found:       77
Ran chmod.
DICOMs found:       77
Ran chmod.
DICOMs found:       77
Ran chmod.
DICOMs found:       77
Ran chmod.
DICOMs found:       77
Ran chmod.
DICOMs found:       77
Ran chmod.
DICOMs found:       77
Ran chmod.
DICOMs found:       77
Ran chmod.
DICOMs found:       78
Ran chmod.
DICOMs found:       78
Ran chmod.
DICOMs found:       78
Ran chmod.
DICOMs found:       78
Ran chmod.
DICOMs found:       78
Ran chmod.
DICOMs found:       78
Ran chmod.
DICOMs found:       78
Ran chmod.
DICOMs found:       78
Ran chmod.
DICOMs found:       78
Ran chmod.
DICOMs found:       79
Ran chmod.
DICOMs found:       79
Ran chmod.
DICOMs found:       79
Ran chmod.
DICOMs found:       79
Ran chmod.
DICOMs found:       79
Ran chmod.
DICOMs found:       79
Ran chmod.
DICOMs found:       79
Ran chmod.
DICOMs found:       79
Ran chmod.
DICOMs found:       79
Ran chmod.
DICOMs found:       80
Ran chmod.
DICOMs found:       80
Ran chmod.
DICOMs found:       80
Ran chmod.
DICOMs found:       80
Ran chmod.
DICOMs found:       80
Ran chmod.
DICOMs found:       80
Ran chmod.
DICOMs found:       80
Ran chmod.
DICOMs found:       80
Ran chmod.
DICOMs found:       80
Ran chmod.
DICOMs found:       81
Ran chmod.
DICOMs found:       81
Ran chmod.
DICOMs found:       81
Ran chmod.
DICOMs found:       81
Ran chmod.
DICOMs found:       81
Ran chmod.
DICOMs found:       81
Ran chmod.
DICOMs found:       81
Ran chmod.
DICOMs found:       81
Ran chmod.
DICOMs found:       81
Ran chmod.
DICOMs found:       82
Ran chmod.
DICOMs found:       82
Ran chmod.
DICOMs found:       82
Ran chmod.
DICOMs found:       82
Ran chmod.
DICOMs found:       82
Ran chmod.
DICOMs found:       82
Ran chmod.
DICOMs found:       82
Ran chmod.
DICOMs found:       82
Ran chmod.
DICOMs found:       83
Ran chmod.
DICOMs found:       83
Ran chmod.
DICOMs found:       83
Ran chmod.
DICOMs found:       83
Ran chmod.
DICOMs found:       83
Ran chmod.
DICOMs found:       83
Ran chmod.
DICOMs found:       83
Ran chmod.
DICOMs found:       83
Ran chmod.
DICOMs found:       83
Ran chmod.
DICOMs found:       84
Ran chmod.
DICOMs found:       84
Ran chmod.
DICOMs found:       84
Ran chmod.
DICOMs found:       84
Ran chmod.
DICOMs found:       84
Ran chmod.
DICOMs found:       84
Ran chmod.
DICOMs found:       84
Ran chmod.
DICOMs found:       84
Ran chmod.
DICOMs found:       84
Ran chmod.
DICOMs found:       85
Ran chmod.
DICOMs found:       85
Ran chmod.
DICOMs found:       85
Ran chmod.
DICOMs found:       85
Ran chmod.
DICOMs found:       85
Ran chmod.
DICOMs found:       85
Ran chmod.
DICOMs found:       85
Ran chmod.
DICOMs found:       85
Ran chmod.
DICOMs found:       85
Ran chmod.
DICOMs found:       86
Ran chmod.
DICOMs found:       86
Ran chmod.
DICOMs found:       86
Ran chmod.
DICOMs found:       86
Ran chmod.
DICOMs found:       86
Ran chmod.
DICOMs found:       86
Ran chmod.
DICOMs found:       86
Ran chmod.
DICOMs found:       86
Ran chmod.
DICOMs found:       86
Ran chmod.
DICOMs found:       87
Ran chmod.
DICOMs found:       87
Ran chmod.
DICOMs found:       87
Ran chmod.
DICOMs found:       87
Ran chmod.
DICOMs found:       87
Ran chmod.
DICOMs found:       87
Ran chmod.
DICOMs found:       87
Ran chmod.
DICOMs found:       87
Ran chmod.
DICOMs found:       87
Ran chmod.
DICOMs found:       88
Ran chmod.
DICOMs found:       88
Ran chmod.
DICOMs found:       88
Ran chmod.
DICOMs found:       88
Ran chmod.
DICOMs found:       88
Ran chmod.
DICOMs found:       88
Ran chmod.
DICOMs found:       88
Ran chmod.
DICOMs found:       88
Ran chmod.
DICOMs found:       88
Ran chmod.
DICOMs found:       89
Ran chmod.
DICOMs found:       89
Ran chmod.
DICOMs found:       89
Ran chmod.
DICOMs found:       89
Ran chmod.
DICOMs found:       89
Ran chmod.
DICOMs found:       89
Ran chmod.
DICOMs found:       89
Ran chmod.
DICOMs found:       89
Ran chmod.
DICOMs found:       89
Ran chmod.
DICOMs found:       90
Ran chmod.
DICOMs found:       90
Ran chmod.
DICOMs found:       90
Ran chmod.
DICOMs found:       90
Ran chmod.
DICOMs found:       90
Ran chmod.
DICOMs found:       90
Ran chmod.
DICOMs found:       90
Ran chmod.
DICOMs found:       90
Ran chmod.
DICOMs found:       91
Ran chmod.
DICOMs found:       91
Ran chmod.
DICOMs found:       91
Ran chmod.
DICOMs found:       91
Ran chmod.
DICOMs found:       91
Ran chmod.
DICOMs found:       91
Ran chmod.
DICOMs found:       91
Ran chmod.
DICOMs found:       91
Ran chmod.
DICOMs found:       91
Ran chmod.
DICOMs found:       92
Ran chmod.
DICOMs found:       92
Ran chmod.
DICOMs found:       92
Ran chmod.
DICOMs found:       92
Ran chmod.
DICOMs found:       92
Ran chmod.
DICOMs found:       92
Ran chmod.
DICOMs found:       92
Ran chmod.
DICOMs found:       92
Ran chmod.
DICOMs found:       92
Ran chmod.
DICOMs found:       93
Ran chmod.
DICOMs found:       93
Ran chmod.
DICOMs found:       93
Ran chmod.
DICOMs found:       93
Ran chmod.
DICOMs found:       93
Ran chmod.
DICOMs found:       93
Ran chmod.
DICOMs found:       93
Ran chmod.
DICOMs found:       93
Ran chmod.
DICOMs found:       94
Ran chmod.
DICOMs found:       94
Ran chmod.
DICOMs found:       94
Ran chmod.
DICOMs found:       94
Ran chmod.
DICOMs found:       94
Ran chmod.
DICOMs found:       94
Ran chmod.
DICOMs found:       94
Ran chmod.
DICOMs found:       94
Ran chmod.
DICOMs found:       95
Ran chmod.
DICOMs found:       95
Ran chmod.
DICOMs found:       95
Ran chmod.
DICOMs found:       95
Ran chmod.
DICOMs found:       95
Ran chmod.
DICOMs found:       95
Ran chmod.
DICOMs found:       95
Ran chmod.
DICOMs found:       95
Ran chmod.
DICOMs found:       95
Ran chmod.
DICOMs found:       96
Ran chmod.
DICOMs found:       96
Ran chmod.
DICOMs found:       96
Ran chmod.
DICOMs found:       96
Ran chmod.
DICOMs found:       96
Ran chmod.
DICOMs found:       96
Ran chmod.
DICOMs found:       96
Ran chmod.
DICOMs found:       96
Ran chmod.
DICOMs found:       97
Ran chmod.
DICOMs found:       97
Ran chmod.
DICOMs found:       97
Ran chmod.
DICOMs found:       97
Ran chmod.
DICOMs found:       97
Ran chmod.
DICOMs found:       97
Ran chmod.
DICOMs found:       97
Ran chmod.
DICOMs found:       97
Ran chmod.
DICOMs found:       97
Ran chmod.
DICOMs found:       98
Ran chmod.
DICOMs found:       98
Ran chmod.
DICOMs found:       98
Ran chmod.
DICOMs found:       98
Ran chmod.
DICOMs found:       98
Ran chmod.
DICOMs found:       98
Ran chmod.
DICOMs found:       98
Ran chmod.
DICOMs found:       98
Ran chmod.
DICOMs found:       99
Ran chmod.
DICOMs found:       99
Ran chmod.
DICOMs found:       99
Ran chmod.
DICOMs found:       99
Ran chmod.
DICOMs found:       99
Ran chmod.
DICOMs found:       99
Ran chmod.
DICOMs found:       99
Ran chmod.
DICOMs found:       99
Ran chmod.
DICOMs found:       99
Ran chmod.
DICOMs found:      100
Ran chmod.
DICOMs found:      100
Ran chmod.
DICOMs found:      100
Ran chmod.
DICOMs found:      100
Ran chmod.
DICOMs found:      100
Ran chmod.
DICOMs found:      100
Ran chmod.
DICOMs found:      100
Ran chmod.
DICOMs found:      100
Ran chmod.
DICOMs found:      101
Ran chmod.
DICOMs found:      101
Ran chmod.
DICOMs found:      101
Ran chmod.
DICOMs found:      101
Ran chmod.
DICOMs found:      101
Ran chmod.
DICOMs found:      101
Ran chmod.
DICOMs found:      101
Ran chmod.
DICOMs found:      101
Ran chmod.
DICOMs found:      101
Ran chmod.
DICOMs found:      102
Ran chmod.
DICOMs found:      102
Ran chmod.
DICOMs found:      102
Ran chmod.
DICOMs found:      102
Ran chmod.
DICOMs found:      102
Ran chmod.
DICOMs found:      102
Ran chmod.
DICOMs found:      102
Ran chmod.
DICOMs found:      102
Ran chmod.
DICOMs found:      103
Ran chmod.
DICOMs found:      103
Ran chmod.
DICOMs found:      103
Ran chmod.
DICOMs found:      103
Ran chmod.
DICOMs found:      103
Ran chmod.
DICOMs found:      103
Ran chmod.
DICOMs found:      103
Ran chmod.
DICOMs found:      103
Ran chmod.
DICOMs found:      103
Ran chmod.
DICOMs found:      104
Ran chmod.
DICOMs found:      104
Ran chmod.
DICOMs found:      104
Ran chmod.
DICOMs found:      104
Ran chmod.
DICOMs found:      104
Ran chmod.
DICOMs found:      104
Ran chmod.
DICOMs found:      104
Ran chmod.
DICOMs found:      104
Ran chmod.
DICOMs found:      105
Ran chmod.
DICOMs found:      105
Ran chmod.
DICOMs found:      105
Ran chmod.
DICOMs found:      105
Ran chmod.
DICOMs found:      105
Ran chmod.
DICOMs found:      105
Ran chmod.
DICOMs found:      105
Ran chmod.
DICOMs found:      105
Ran chmod.
DICOMs found:      105
Ran chmod.
DICOMs found:      106
Ran chmod.
DICOMs found:      106
Ran chmod.
DICOMs found:      106
Ran chmod.
DICOMs found:      106
Ran chmod.
DICOMs found:      106
Ran chmod.
DICOMs found:      106
Ran chmod.
DICOMs found:      106
Ran chmod.
DICOMs found:      106
Ran chmod.
DICOMs found:      106
Ran chmod.
DICOMs found:      107
Ran chmod.
DICOMs found:      107
Ran chmod.
DICOMs found:      107
Ran chmod.
DICOMs found:      107
Ran chmod.
DICOMs found:      107
Ran chmod.
DICOMs found:      107
Ran chmod.
DICOMs found:      107
Ran chmod.
DICOMs found:      107
Ran chmod.
DICOMs found:      108
Ran chmod.
DICOMs found:      108
Ran chmod.
DICOMs found:      108
Ran chmod.
DICOMs found:      108
Ran chmod.
DICOMs found:      108
Ran chmod.
DICOMs found:      108
Ran chmod.
DICOMs found:      108
Ran chmod.
DICOMs found:      108
Ran chmod.
DICOMs found:      108
Ran chmod.
DICOMs found:      109
Ran chmod.
DICOMs found:      109
Ran chmod.
DICOMs found:      109
Ran chmod.
DICOMs found:      109
Ran chmod.
DICOMs found:      109
Ran chmod.
DICOMs found:      109
Ran chmod.
DICOMs found:      109
Ran chmod.
DICOMs found:      109
Ran chmod.
DICOMs found:      110
Ran chmod.
DICOMs found:      110
Ran chmod.
DICOMs found:      110
Ran chmod.
DICOMs found:      110
Ran chmod.
DICOMs found:      110
Ran chmod.
DICOMs found:      110
Ran chmod.
DICOMs found:      110
Ran chmod.
DICOMs found:      110
Ran chmod.
DICOMs found:      110
Ran chmod.
DICOMs found:      111
Ran chmod.
DICOMs found:      111
Ran chmod.
DICOMs found:      111
Ran chmod.
DICOMs found:      111
Ran chmod.
DICOMs found:      111
Ran chmod.
DICOMs found:      111
Ran chmod.
DICOMs found:      111
Ran chmod.
DICOMs found:      111
Ran chmod.
DICOMs found:      112
Ran chmod.
DICOMs found:      112
Ran chmod.
DICOMs found:      112
Ran chmod.
DICOMs found:      112
Ran chmod.
DICOMs found:      112
Ran chmod.
DICOMs found:      112
Ran chmod.
DICOMs found:      112
Ran chmod.
DICOMs found:      112
Ran chmod.
DICOMs found:      112
Ran chmod.
DICOMs found:      113
Ran chmod.
DICOMs found:      113
Ran chmod.
DICOMs found:      113
Ran chmod.
DICOMs found:      113
Ran chmod.
DICOMs found:      113
Ran chmod.
DICOMs found:      113
Ran chmod.
DICOMs found:      113
Ran chmod.
DICOMs found:      113
Ran chmod.
DICOMs found:      114
Ran chmod.
DICOMs found:      114
Ran chmod.
DICOMs found:      114
Ran chmod.
DICOMs found:      114
Ran chmod.
DICOMs found:      114
Ran chmod.
DICOMs found:      114
Ran chmod.
DICOMs found:      114
Ran chmod.
DICOMs found:      114
Ran chmod.
DICOMs found:      114
Ran chmod.
DICOMs found:      115
Ran chmod.
DICOMs found:      115
Ran chmod.
DICOMs found:      115
Ran chmod.
DICOMs found:      115
Ran chmod.
DICOMs found:      115
Ran chmod.
DICOMs found:      115
Ran chmod.
DICOMs found:      115
Ran chmod.
DICOMs found:      115
Ran chmod.
DICOMs found:      116
Ran chmod.
DICOMs found:      116
Ran chmod.
DICOMs found:      116
Ran chmod.
DICOMs found:      116
Ran chmod.
DICOMs found:      116
Ran chmod.
DICOMs found:      116
Ran chmod.
DICOMs found:      116
Ran chmod.
DICOMs found:      116
Ran chmod.
DICOMs found:      116
Ran chmod.
DICOMs found:      117
Ran chmod.
DICOMs found:      117
Ran chmod.
DICOMs found:      117
Ran chmod.
DICOMs found:      117
Ran chmod.
DICOMs found:      117
Ran chmod.
DICOMs found:      117
Ran chmod.
DICOMs found:      117
Ran chmod.
DICOMs found:      117
Ran chmod.
DICOMs found:      118
Ran chmod.
DICOMs found:      118
Ran chmod.
DICOMs found:      118
Ran chmod.
DICOMs found:      118
Ran chmod.
DICOMs found:      118
Ran chmod.
DICOMs found:      118
Ran chmod.
DICOMs found:      118
Ran chmod.
DICOMs found:      118
Ran chmod.
DICOMs found:      118
Ran chmod.
DICOMs found:      119
Ran chmod.
DICOMs found:      119
Ran chmod.
DICOMs found:      119
Ran chmod.
DICOMs found:      119
Ran chmod.
DICOMs found:      119
Ran chmod.
DICOMs found:      119
Ran chmod.
DICOMs found:      119
Ran chmod.
DICOMs found:      119
Ran chmod.
DICOMs found:      120
Ran chmod.
DICOMs found:      120
Ran chmod.
DICOMs found:      120
Ran chmod.
DICOMs found:      120
Ran chmod.
DICOMs found:      120
Ran chmod.
DICOMs found:      120
Ran chmod.
DICOMs found:      120
Ran chmod.
DICOMs found:      120
Ran chmod.
DICOMs found:      120
Ran chmod.
DICOMs found:      121
Ran chmod.
DICOMs found:      121
Ran chmod.
DICOMs found:      121
Ran chmod.
DICOMs found:      121
Ran chmod.
DICOMs found:      121
Ran chmod.
DICOMs found:      121
Ran chmod.
DICOMs found:      121
Ran chmod.
DICOMs found:      121
Ran chmod.
DICOMs found:      121
Ran chmod.
DICOMs found:      122
Ran chmod.
DICOMs found:      122
Ran chmod.
DICOMs found:      122
Ran chmod.
DICOMs found:      122
Ran chmod.
DICOMs found:      122
Ran chmod.
DICOMs found:      122
Ran chmod.
DICOMs found:      122
Ran chmod.
DICOMs found:      122
Ran chmod.
DICOMs found:      122
Ran chmod.
DICOMs found:      123
Ran chmod.
DICOMs found:      123
Ran chmod.
DICOMs found:      123
Ran chmod.
DICOMs found:      123
Ran chmod.
DICOMs found:      123
Ran chmod.
DICOMs found:      123
Ran chmod.
DICOMs found:      123
Ran chmod.
DICOMs found:      123
Ran chmod.
DICOMs found:      123
Ran chmod.
DICOMs found:      124
Ran chmod.
DICOMs found:      124
Ran chmod.
DICOMs found:      124
Ran chmod.
DICOMs found:      124
Ran chmod.
DICOMs found:      124
Ran chmod.
DICOMs found:      124
Ran chmod.
DICOMs found:      124
Ran chmod.
DICOMs found:      124
Ran chmod.
DICOMs found:      125
Ran chmod.
DICOMs found:      125
Ran chmod.
DICOMs found:      125
Ran chmod.
DICOMs found:      125
Ran chmod.
DICOMs found:      125
Ran chmod.
DICOMs found:      125
Ran chmod.
DICOMs found:      125
Ran chmod.
DICOMs found:      125
Ran chmod.
DICOMs found:      125
Ran chmod.
DICOMs found:      126
Ran chmod.
DICOMs found:      126
Ran chmod.
DICOMs found:      126
Ran chmod.
DICOMs found:      126
Ran chmod.
DICOMs found:      126
Ran chmod.
DICOMs found:      126
Ran chmod.
DICOMs found:      126
Ran chmod.
DICOMs found:      126
Ran chmod.
DICOMs found:      126
Ran chmod.
DICOMs found:      127
Ran chmod.
DICOMs found:      127
Ran chmod.
DICOMs found:      127
Ran chmod.
DICOMs found:      127
Ran chmod.
DICOMs found:      127
Ran chmod.
DICOMs found:      127
Ran chmod.
DICOMs found:      127
Ran chmod.
DICOMs found:      127
Ran chmod.
DICOMs found:      127
Ran chmod.
DICOMs found:      128
Ran chmod.
DICOMs found:      128
Ran chmod.
DICOMs found:      128
Ran chmod.
DICOMs found:      128
Ran chmod.
DICOMs found:      128
Ran chmod.
DICOMs found:      128
Ran chmod.
DICOMs found:      128
Ran chmod.
DICOMs found:      128
Ran chmod.
DICOMs found:      129
Ran chmod.
DICOMs found:      129
Ran chmod.
DICOMs found:      129
Ran chmod.
DICOMs found:      129
Ran chmod.
DICOMs found:      129
Ran chmod.
DICOMs found:      129
Ran chmod.
DICOMs found:      129
Ran chmod.
DICOMs found:      129
Ran chmod.
DICOMs found:      129
Ran chmod.
DICOMs found:      130
Ran chmod.
DICOMs found:      130
Ran chmod.
DICOMs found:      130
Ran chmod.
DICOMs found:      130
Ran chmod.
DICOMs found:      130
Ran chmod.
DICOMs found:      130
Ran chmod.
DICOMs found:      130
Ran chmod.
DICOMs found:      130
Ran chmod.
DICOMs found:      130
Ran chmod.
DICOMs found:      131
Ran chmod.
DICOMs found:      131
Ran chmod.
DICOMs found:      131
Ran chmod.
DICOMs found:      131
Ran chmod.
DICOMs found:      131
Ran chmod.
DICOMs found:      131
Ran chmod.
DICOMs found:      131
Ran chmod.
DICOMs found:      131
Ran chmod.
DICOMs found:      131
Ran chmod.
DICOMs found:      132
Ran chmod.
DICOMs found:      132
Ran chmod.
DICOMs found:      132
Ran chmod.
DICOMs found:      132
Ran chmod.
DICOMs found:      132
Ran chmod.
DICOMs found:      132
Ran chmod.
DICOMs found:      132
Ran chmod.
DICOMs found:      132
Ran chmod.
DICOMs found:      133
Ran chmod.
DICOMs found:      133
Ran chmod.
DICOMs found:      133
Ran chmod.
DICOMs found:      133
Ran chmod.
DICOMs found:      133
Ran chmod.
DICOMs found:      133
Ran chmod.
DICOMs found:      133
Ran chmod.
DICOMs found:      133
Ran chmod.
DICOMs found:      133
Ran chmod.
DICOMs found:      134
Ran chmod.
DICOMs found:      134
Ran chmod.
DICOMs found:      134
Ran chmod.
DICOMs found:      134
Ran chmod.
DICOMs found:      134
Ran chmod.
DICOMs found:      134
Ran chmod.
DICOMs found:      134
Ran chmod.
DICOMs found:      134
Ran chmod.
DICOMs found:      135
Ran chmod.
DICOMs found:      135
Ran chmod.
DICOMs found:      135
Ran chmod.
DICOMs found:      135
Ran chmod.
DICOMs found:      135
Ran chmod.
DICOMs found:      135
Ran chmod.
DICOMs found:      135
Ran chmod.
DICOMs found:      135
Ran chmod.
DICOMs found:      135
Ran chmod.
DICOMs found:      136
Ran chmod.
DICOMs found:      136
Ran chmod.
DICOMs found:      136
Ran chmod.
DICOMs found:      136
Ran chmod.
DICOMs found:      136
Ran chmod.
DICOMs found:      136
Ran chmod.
DICOMs found:      136
Ran chmod.
DICOMs found:      136
Ran chmod.
DICOMs found:      137
Ran chmod.
DICOMs found:      137
Ran chmod.
DICOMs found:      137
Ran chmod.
DICOMs found:      137
Ran chmod.
DICOMs found:      137
Ran chmod.
DICOMs found:      137
Ran chmod.
DICOMs found:      137
Ran chmod.
DICOMs found:      137
Ran chmod.
DICOMs found:      138
Ran chmod.
DICOMs found:      138
Ran chmod.
DICOMs found:      138
Ran chmod.
DICOMs found:      138
Ran chmod.
DICOMs found:      138
Ran chmod.
DICOMs found:      138
Ran chmod.
DICOMs found:      138
Ran chmod.
DICOMs found:      138
Ran chmod.
DICOMs found:      138
Ran chmod.
DICOMs found:      139
Ran chmod.
DICOMs found:      139
Ran chmod.
DICOMs found:      139
Ran chmod.
DICOMs found:      139
Ran chmod.
DICOMs found:      139
Ran chmod.
DICOMs found:      139
Ran chmod.
DICOMs found:      139
Ran chmod.
DICOMs found:      139
Ran chmod.
DICOMs found:      140
Ran chmod.
DICOMs found:      140
Ran chmod.
DICOMs found:      140
Ran chmod.
DICOMs found:      140
Ran chmod.
DICOMs found:      140
Ran chmod.
DICOMs found:      140
Ran chmod.
DICOMs found:      140
Ran chmod.
DICOMs found:      140
Ran chmod.
DICOMs found:      140
Ran chmod.
DICOMs found:      141
Ran chmod.
DICOMs found:      141
Ran chmod.
DICOMs found:      141
Ran chmod.
DICOMs found:      141
Ran chmod.
DICOMs found:      141
Ran chmod.
DICOMs found:      141
Ran chmod.
DICOMs found:      141
Ran chmod.
DICOMs found:      141
Ran chmod.
DICOMs found:      142
Ran chmod.
DICOMs found:      142
Ran chmod.
DICOMs found:      142
Ran chmod.
DICOMs found:      142
Ran chmod.
DICOMs found:      142
Ran chmod.
DICOMs found:      142
Ran chmod.
DICOMs found:      142
Ran chmod.
DICOMs found:      142
Ran chmod.
DICOMs found:      142
Ran chmod.
DICOMs found:      143
Ran chmod.
DICOMs found:      143
Ran chmod.
DICOMs found:      143
Ran chmod.
DICOMs found:      143
Ran chmod.
DICOMs found:      143
Ran chmod.
DICOMs found:      143
Ran chmod.
DICOMs found:      143
Ran chmod.
DICOMs found:      143
Ran chmod.
DICOMs found:      144
Ran chmod.
DICOMs found:      144
Ran chmod.
DICOMs found:      144
Ran chmod.
DICOMs found:      144
Ran chmod.
DICOMs found:      144
Ran chmod.
DICOMs found:      144
Ran chmod.
DICOMs found:      144
Ran chmod.
DICOMs found:      144
Ran chmod.
DICOMs found:      145
Ran chmod.
DICOMs found:      145
Ran chmod.
DICOMs found:      145
Ran chmod.
DICOMs found:      145
Ran chmod.
DICOMs found:      145
Ran chmod.
DICOMs found:      145
Ran chmod.
DICOMs found:      145
Ran chmod.
DICOMs found:      145
Ran chmod.
DICOMs found:      145
Ran chmod.
DICOMs found:      146
Ran chmod.
DICOMs found:      146
Ran chmod.
DICOMs found:      146
Ran chmod.
DICOMs found:      146
Ran chmod.
DICOMs found:      146
Ran chmod.
DICOMs found:      146
Ran chmod.
DICOMs found:      146
Ran chmod.
DICOMs found:      146
Ran chmod.
DICOMs found:      146
Ran chmod.
DICOMs found:      147
Ran chmod.
DICOMs found:      147
Ran chmod.
DICOMs found:      147
Ran chmod.
DICOMs found:      147
Ran chmod.
DICOMs found:      147
Ran chmod.
DICOMs found:      147
Ran chmod.
DICOMs found:      147
Ran chmod.
DICOMs found:      147
Ran chmod.
DICOMs found:      148
Ran chmod.
DICOMs found:      148
Ran chmod.
DICOMs found:      148
Ran chmod.
DICOMs found:      148
Ran chmod.
DICOMs found:      148
Ran chmod.
DICOMs found:      148
Ran chmod.
DICOMs found:      148
Ran chmod.
DICOMs found:      148
Ran chmod.
DICOMs found:      148
Ran chmod.
DICOMs found:      149
Ran chmod.
DICOMs found:      149
Ran chmod.
DICOMs found:      149
Ran chmod.
DICOMs found:      149
Ran chmod.
DICOMs found:      149
Ran chmod.
DICOMs found:      149
Ran chmod.
DICOMs found:      149
Ran chmod.
DICOMs found:      149
Ran chmod.
DICOMs found:      149
Ran chmod.
DICOMs found:      150
Ran chmod.
DICOMs found:      150
Ran chmod.
DICOMs found:      150
Ran chmod.
DICOMs found:      150
Ran chmod.
DICOMs found:      150
Ran chmod.
DICOMs found:      150
Ran chmod.
DICOMs found:      150
Ran chmod.
DICOMs found:      150
Ran chmod.
DICOMs found:      151
Ran chmod.
DICOMs found:      151
Ran chmod.
DICOMs found:      151
Ran chmod.
DICOMs found:      151
Ran chmod.
DICOMs found:      151
Ran chmod.
DICOMs found:      151
Ran chmod.
DICOMs found:      151
Ran chmod.
DICOMs found:      151
Ran chmod.
DICOMs found:      151
Ran chmod.
DICOMs found:      152
Ran chmod.
DICOMs found:      152
Ran chmod.
DICOMs found:      152
Ran chmod.
DICOMs found:      152
Ran chmod.
DICOMs found:      152
Ran chmod.
DICOMs found:      152
Ran chmod.
DICOMs found:      152
Ran chmod.
DICOMs found:      152
Ran chmod.
DICOMs found:      153
Ran chmod.
DICOMs found:      153
Ran chmod.
DICOMs found:      153
Ran chmod.
DICOMs found:      153
Ran chmod.
DICOMs found:      153
Ran chmod.
DICOMs found:      153
Ran chmod.
DICOMs found:      153
Ran chmod.
DICOMs found:      153
Ran chmod.
DICOMs found:      154
Ran chmod.
DICOMs found:      154
Ran chmod.
DICOMs found:      154
Ran chmod.
DICOMs found:      154
Ran chmod.
DICOMs found:      154
Ran chmod.
DICOMs found:      154
Ran chmod.
DICOMs found:      154
Ran chmod.
DICOMs found:      154
Ran chmod.
DICOMs found:      154
Ran chmod.
DICOMs found:      155
Ran chmod.
DICOMs found:      155
Ran chmod.
DICOMs found:      155
Ran chmod.
DICOMs found:      155
Ran chmod.
DICOMs found:      155
Ran chmod.
DICOMs found:      155
Ran chmod.
DICOMs found:      155
Ran chmod.
DICOMs found:      155
Ran chmod.
DICOMs found:      156
Ran chmod.
DICOMs found:      156
Ran chmod.
DICOMs found:      156
Ran chmod.
DICOMs found:      156
Ran chmod.
DICOMs found:      156
Ran chmod.
DICOMs found:      156
Ran chmod.
DICOMs found:      156
Ran chmod.
DICOMs found:      156
Ran chmod.
DICOMs found:      156
Ran chmod.
DICOMs found:      157
Ran chmod.
DICOMs found:      157
Ran chmod.
DICOMs found:      157
Ran chmod.
DICOMs found:      157
Ran chmod.
DICOMs found:      157
Ran chmod.
DICOMs found:      157
Ran chmod.
DICOMs found:      157
Ran chmod.
DICOMs found:      157
Ran chmod.
DICOMs found:      158
Ran chmod.
DICOMs found:      158
Ran chmod.
DICOMs found:      158
Ran chmod.
DICOMs found:      158
Ran chmod.
DICOMs found:      158
Ran chmod.
DICOMs found:      158
Ran chmod.
DICOMs found:      158
Ran chmod.
DICOMs found:      158
Ran chmod.
DICOMs found:      159
Ran chmod.
DICOMs found:      159
Ran chmod.
DICOMs found:      159
Ran chmod.
DICOMs found:      159
Ran chmod.
DICOMs found:      159
Ran chmod.
DICOMs found:      159
Ran chmod.
DICOMs found:      159
Ran chmod.
DICOMs found:      159
Ran chmod.
DICOMs found:      159
Ran chmod.
DICOMs found:      160
Ran chmod.
DICOMs found:      160
Ran chmod.
DICOMs found:      160
Ran chmod.
DICOMs found:      160
Ran chmod.
DICOMs found:      160
Ran chmod.
DICOMs found:      160
Ran chmod.
DICOMs found:      160
Ran chmod.
DICOMs found:      160
Ran chmod.
DICOMs found:      161
Ran chmod.
DICOMs found:      161
Ran chmod.
DICOMs found:      161
Ran chmod.
DICOMs found:      161
Ran chmod.
DICOMs found:      161
Ran chmod.
DICOMs found:      161
Ran chmod.
DICOMs found:      161
Ran chmod.
DICOMs found:      161
Ran chmod.
DICOMs found:      162
Ran chmod.
DICOMs found:      162
Ran chmod.
DICOMs found:      162
Ran chmod.
DICOMs found:      162
Ran chmod.
DICOMs found:      162
Ran chmod.
DICOMs found:      162
Ran chmod.
DICOMs found:      162
Ran chmod.
DICOMs found:      162
Ran chmod.
DICOMs found:      162
Ran chmod.
DICOMs found:      163
Ran chmod.
DICOMs found:      163
Ran chmod.
DICOMs found:      163
Ran chmod.
DICOMs found:      163
Ran chmod.
DICOMs found:      163
Ran chmod.
DICOMs found:      163
Ran chmod.
DICOMs found:      163
Ran chmod.
DICOMs found:      163
Ran chmod.
DICOMs found:      164
Ran chmod.
DICOMs found:      164
Ran chmod.
DICOMs found:      164
Ran chmod.
DICOMs found:      164
Ran chmod.
DICOMs found:      164
Ran chmod.
DICOMs found:      164
Ran chmod.
DICOMs found:      164
Ran chmod.
DICOMs found:      164
Ran chmod.
DICOMs found:      164
Ran chmod.
DICOMs found:      165
Ran chmod.
DICOMs found:      165
Ran chmod.
DICOMs found:      165
Ran chmod.
DICOMs found:      165
Ran chmod.
DICOMs found:      165
Ran chmod.
DICOMs found:      165
Ran chmod.
DICOMs found:      165
Ran chmod.
DICOMs found:      165
Ran chmod.
DICOMs found:      166
Ran chmod.
DICOMs found:      166
Ran chmod.
DICOMs found:      166
Ran chmod.
DICOMs found:      166
Ran chmod.
DICOMs found:      166
Ran chmod.
DICOMs found:      166
Ran chmod.
DICOMs found:      166
Ran chmod.
DICOMs found:      166
Ran chmod.
DICOMs found:      166
Ran chmod.
DICOMs found:      167
Ran chmod.
DICOMs found:      167
Ran chmod.
DICOMs found:      167
Ran chmod.
DICOMs found:      167
Ran chmod.
DICOMs found:      167
Ran chmod.
DICOMs found:      167
Ran chmod.
DICOMs found:      167
Ran chmod.
DICOMs found:      167
Ran chmod.
DICOMs found:      168
Ran chmod.
DICOMs found:      168
Ran chmod.
DICOMs found:      168
Ran chmod.
DICOMs found:      168
Ran chmod.
DICOMs found:      168
Ran chmod.
DICOMs found:      168
Ran chmod.
DICOMs found:      168
Ran chmod.
DICOMs found:      168
Ran chmod.
DICOMs found:      169
Ran chmod.
DICOMs found:      169
Ran chmod.
DICOMs found:      169
Ran chmod.
DICOMs found:      169
Ran chmod.
DICOMs found:      169
Ran chmod.
DICOMs found:      169
Ran chmod.
DICOMs found:      169
Ran chmod.
DICOMs found:      169
Ran chmod.
DICOMs found:      169
Ran chmod.
DICOMs found:      170
Ran chmod.
DICOMs found:      170
Ran chmod.
DICOMs found:      170
Ran chmod.
DICOMs found:      170
Ran chmod.
DICOMs found:      170
Ran chmod.
DICOMs found:      170
Ran chmod.
DICOMs found:      170
Ran chmod.
DICOMs found:      170
Ran chmod.
DICOMs found:      171
Ran chmod.
DICOMs found:      171
Ran chmod.
DICOMs found:      171
Ran chmod.
DICOMs found:      171
Ran chmod.
DICOMs found:      171
Ran chmod.
DICOMs found:      171
Ran chmod.
DICOMs found:      171
Ran chmod.
DICOMs found:      171
Ran chmod.
DICOMs found:      171
Ran chmod.
DICOMs found:      172
Ran chmod.
DICOMs found:      172
Ran chmod.
DICOMs found:      172
Ran chmod.
DICOMs found:      172
Ran chmod.
DICOMs found:      172
Ran chmod.
DICOMs found:      172
Ran chmod.
DICOMs found:      172
Ran chmod.
DICOMs found:      172
Ran chmod.
DICOMs found:      173
Ran chmod.
DICOMs found:      173
Ran chmod.
DICOMs found:      173
Ran chmod.
DICOMs found:      173
Ran chmod.
DICOMs found:      173
Ran chmod.
DICOMs found:      173
Ran chmod.
DICOMs found:      173
Ran chmod.
DICOMs found:      173
Ran chmod.
DICOMs found:      174
Ran chmod.
DICOMs found:      174
Ran chmod.
DICOMs found:      174
Ran chmod.
DICOMs found:      174
Ran chmod.
DICOMs found:      174
Ran chmod.
DICOMs found:      174
Ran chmod.
DICOMs found:      174
Ran chmod.
DICOMs found:      174
Ran chmod.
DICOMs found:      174
Ran chmod.
DICOMs found:      175
Ran chmod.
DICOMs found:      175
Ran chmod.
DICOMs found:      175
Ran chmod.
DICOMs found:      175
Ran chmod.
DICOMs found:      175
Ran chmod.
DICOMs found:      175
Ran chmod.
DICOMs found:      175
Ran chmod.
DICOMs found:      175
Ran chmod.
DICOMs found:      176
Ran chmod.
DICOMs found:      176
Ran chmod.
DICOMs found:      176
Ran chmod.
DICOMs found:      176
Ran chmod.
DICOMs found:      176
Ran chmod.
DICOMs found:      176
Ran chmod.
DICOMs found:      176
Ran chmod.
DICOMs found:      176
Ran chmod.
DICOMs found:      177
Ran chmod.
DICOMs found:      177
Ran chmod.
DICOMs found:      177
Ran chmod.
DICOMs found:      177
Ran chmod.
DICOMs found:      177
Ran chmod.
DICOMs found:      177
Ran chmod.
DICOMs found:      177
Ran chmod.
DICOMs found:      177
Ran chmod.
DICOMs found:      177
Ran chmod.
DICOMs found:      178
Ran chmod.
DICOMs found:      178
Ran chmod.
DICOMs found:      178
Ran chmod.
DICOMs found:      178
Ran chmod.
DICOMs found:      178
Ran chmod.
DICOMs found:      178
Ran chmod.
DICOMs found:      178
Ran chmod.
DICOMs found:      178
Ran chmod.
DICOMs found:      179
Ran chmod.
DICOMs found:      179
Ran chmod.
DICOMs found:      179
Ran chmod.
DICOMs found:      179
Ran chmod.
DICOMs found:      179
Ran chmod.
DICOMs found:      179
Ran chmod.
DICOMs found:      179
Ran chmod.
DICOMs found:      179
Ran chmod.
DICOMs found:      180
Ran chmod.
DICOMs found:      180
Ran chmod.
DICOMs found:      180
Ran chmod.
DICOMs found:      180
Ran chmod.
DICOMs found:      180
Ran chmod.
DICOMs found:      180
Ran chmod.
DICOMs found:      180
Ran chmod.
DICOMs found:      180
Ran chmod.
DICOMs found:      180
Ran chmod.
DICOMs found:      181
Ran chmod.
DICOMs found:      181
Ran chmod.
DICOMs found:      181
Ran chmod.
DICOMs found:      181
Ran chmod.
DICOMs found:      181
Ran chmod.
DICOMs found:      181
Ran chmod.
DICOMs found:      181
Ran chmod.
DICOMs found:      181
Ran chmod.
DICOMs found:      181
Ran chmod.
DICOMs found:      181
Ran chmod.
DICOMs found:      181
Ran chmod.
DICOMs found:      181
Ran chmod.
DICOMs found:      181
Ran chmod.
DICOMs found:      181
Ran chmod.
DICOMs found:      181
Ran chmod.
DICOMs found:      181
Ran chmod.
DICOMs found:      181
Ran chmod.
DICOMs found:      181
Ran chmod.
DICOMs found:      181
Ran chmod.
DICOMs found:      181
Ran chmod.
DICOMs found:      181
Ran chmod.
DICOMs found:      181
Ran chmod.
DICOMs found:      181
Ran chmod.
DICOMs found:      181
Ran chmod.
DICOMs found:      181
Ran chmod.
DICOMs found:      181
Ran chmod.
DICOMs found:      181
Ran chmod.
DICOMs found:      181
Ran chmod.
DICOMs found:      181
Ran chmod.
DICOMs found:      181
Ran chmod.
DICOMs found:      181
Ran chmod.
DICOMs found:      181
Ran chmod.
DICOMs found:      181
Ran chmod.
DICOMs found:      181
Ran chmod.
DICOMs found:      181
Ran chmod.
DICOMs found:      181
Ran chmod.
DICOMs found:      181
Ran chmod.
DICOMs found:      181
Ran chmod.
DICOMs found:      181
Ran chmod.
DICOMs found:      181
Ran chmod.
DICOMs found:      181
Ran chmod.
DICOMs found:      181
Ran chmod.
DICOMs found:      181
Ran chmod.
DICOMs found:      181
Ran chmod.
DICOMs found:      181
Ran chmod.
DICOMs found:      181
Ran chmod.
DICOMs found:      181
Ran chmod.
DICOMs found:      181
Ran chmod.
DICOMs found:      181
Ran chmod.
DICOMs found:      181
Ran chmod.
DICOMs found:      181
Ran chmod.
DICOMs found:      181
Ran chmod.
DICOMs found:      181
Ran chmod.
DICOMs found:      181
Ran chmod.
DICOMs found:      181
Ran chmod.
DICOMs found:      181
Ran chmod.
DICOMs found:      181
Ran chmod.
DICOMs found:      181
Ran chmod.
DICOMs found:      181
Ran chmod.
DICOMs found:      181
Ran chmod.
DICOMs found:      181
Ran chmod.
DICOMs found:      181
Ran chmod.
DICOMs found:      181
Ran chmod.
DICOMs found:      181
Ran chmod.
DICOMs found:      181
Ran chmod.
DICOMs found:      181
Ran chmod.
DICOMs found:      181
Ran chmod.
DICOMs found:      181
Ran chmod.
DICOMs found:      181
Ran chmod.
DICOMs found:      181
Ran chmod.
DICOMs found:      181
Ran chmod.
DICOMs found:      181
Ran chmod.
DICOMs found:      181
Ran chmod.
DICOMs found:      181
Ran chmod.
DICOMs found:      181
Ran chmod.
DICOMs found:      181
Ran chmod.
DICOMs found:      181
Ran chmod.
DICOMs found:      181
Ran chmod.
DICOMs found:      181
Ran chmod.
DICOMs found:      181
Ran chmod.
DICOMs found:      181
Ran chmod.
DICOMs found:      181
Ran chmod.
DICOMs found:      181
Ran chmod.
DICOMs found:      181
Ran chmod.
DICOMs found:      181
Ran chmod.
DICOMs found:      181
Ran chmod.
DICOMs found:      181
Ran chmod.
DICOMs found:      181
Ran chmod.
DICOMs found:      181
Ran chmod.
DICOMs found:      181
Ran chmod.
DICOMs found:      181
Ran chmod.
DICOMs found:      181
Ran chmod.
DICOMs found:      181
Ran chmod.
DICOMs found:      181
Ran chmod.
DICOMs found:      181
Ran chmod.
DICOMs found:      181
Ran chmod.
DICOMs found:      181
Ran chmod.
DICOMs found:      181
Ran chmod.
DICOMs found:      181
Ran chmod.
DICOMs found:      181
Ran chmod.
DICOMs found:      181
Ran chmod.
DICOMs found:      181
Ran chmod.
DICOMs found:      181
Ran chmod.
DICOMs found:      181
Ran chmod.
DICOMs found:      181
Ran chmod.
DICOMs found:      181
Ran chmod.
DICOMs found:      181
Ran chmod.
DICOMs found:      181
Ran chmod.
DICOMs found:      181
Ran chmod.
DICOMs found:      181
Ran chmod.
DICOMs found:      181
Ran chmod.
DICOMs found:      181
Ran chmod.
DICOMs found:      181
Ran chmod.
DICOMs found:      181
Ran chmod.
DICOMs found:      181
Ran chmod.
DICOMs found:      181
Ran chmod.
DICOMs found:      181
Ran chmod.
DICOMs found:      181
Ran chmod.
DICOMs found:      181
Ran chmod.
DICOMs found:      181
Ran chmod.
DICOMs found:      181
Ran chmod.
DICOMs found:      181
Ran chmod.
DICOMs found:      181
Ran chmod.
DICOMs found:      181
Ran chmod.
DICOMs found:      181
Ran chmod.
DICOMs found:      181
Ran chmod.
DICOMs found:      181
Ran chmod.
DICOMs found:      181
Ran chmod.
DICOMs found:      181
Ran chmod.
DICOMs found:      181
Ran chmod.
DICOMs found:      181
Ran chmod.
DICOMs found:      181
Ran chmod.
DICOMs found:      181
Ran chmod.
DICOMs found:      181
Ran chmod.
DICOMs found:      181
Ran chmod.
DICOMs found:      181
Ran chmod.
DICOMs found:      181
Ran chmod.
DICOMs found:      181
Ran chmod.
DICOMs found:      181
Ran chmod.
DICOMs found:      181
Ran chmod.
DICOMs found:      181
Ran chmod.
DICOMs found:      181
Ran chmod.
DICOMs found:      181
Ran chmod.
DICOMs found:      181
Ran chmod.
DICOMs found:      181
Ran chmod.
DICOMs found:      181
Ran chmod.
DICOMs found:      181
Ran chmod.
DICOMs found:      181
Ran chmod.
DICOMs found:      181
Ran chmod.
DICOMs found:      181
Ran chmod.
DICOMs found:      181
Ran chmod.
DICOMs found:      181
Ran chmod.
DICOMs found:      181
Ran chmod.
DICOMs found:      181
Ran chmod.
DICOMs found:      181
Ran chmod.
DICOMs found:      181
Ran chmod.
DICOMs found:      181
Ran chmod.
DICOMs found:      181
Ran chmod.
DICOMs found:      181
Ran chmod.
DICOMs found:      181
Ran chmod.
DICOMs found:      181
Ran chmod.
DICOMs found:      181
Ran chmod.
DICOMs found:      181
Ran chmod.
DICOMs found:      181
Ran chmod.
DICOMs found:      181
Ran chmod.
DICOMs found:      181
Ran chmod.
DICOMs found:      181
Ran chmod.
DICOMs found:      181
Ran chmod.
DICOMs found:      181
Ran chmod.
DICOMs found:      181
Ran chmod.
DICOMs found:      181
Ran chmod.
DICOMs found:      181
Ran chmod.
DICOMs found:      181
Ran chmod.
DICOMs found:      181
Ran chmod.
DICOMs found:      181
Ran chmod.
DICOMs found:      181
Ran chmod.
DICOMs found:      181
Ran chmod.
DICOMs found:      181
Ran chmod.
DICOMs found:      181
Ran chmod.
DICOMs found:      181
Ran chmod.
DICOMs found:      181
Ran chmod.
DICOMs found:      181
Ran chmod.
DICOMs found:      181
Ran chmod.
DICOMs found:      181
Ran chmod.
DICOMs found:      181
Ran chmod.
DICOMs found:      181
Ran chmod.
DICOMs found:      181
Ran chmod.
DICOMs found:      181
Ran chmod.
DICOMs found:      181
Ran chmod.
DICOMs found:      181
Ran chmod.
DICOMs found:      181
Ran chmod.
DICOMs found:      181
Ran chmod.
DICOMs found:      181
Ran chmod.
DICOMs found:      181
Ran chmod.
DICOMs found:      181
Ran chmod.
DICOMs found:      181
Ran chmod.
DICOMs found:      181
Ran chmod.
DICOMs found:      181
Ran chmod.
DICOMs found:      181
Ran chmod.
DICOMs found:      181
Ran chmod.
DICOMs found:      181
Ran chmod.
DICOMs found:      181
Ran chmod.
DICOMs found:      181
Ran chmod.
DICOMs found:      181
Ran chmod.
DICOMs found:      181
Ran chmod.
DICOMs found:      181
Ran chmod.
DICOMs found:      181
Ran chmod.
DICOMs found:      181
Ran chmod.
DICOMs found:      181
Ran chmod.
DICOMs found:      181
Ran chmod.
DICOMs found:      181
Ran chmod.
DICOMs found:      181
Ran chmod.
DICOMs found:      181
Ran chmod.
DICOMs found:      181
Ran chmod.
DICOMs found:      181
Ran chmod.
DICOMs found:      181
Ran chmod.
DICOMs found:      181
Ran chmod.
DICOMs found:      181
Ran chmod.
DICOMs found:      181
Ran chmod.
DICOMs found:      181
Ran chmod.
DICOMs found:      181
Ran chmod.
DICOMs found:      181
Ran chmod.
DICOMs found:      181
Ran chmod.
DICOMs found:      181
Ran chmod.
DICOMs found:      181
Ran chmod.
DICOMs found:      181
Ran chmod.
DICOMs found:      181
Ran chmod.
DICOMs found:      181
Ran chmod.
DICOMs found:      181
Ran chmod.
DICOMs found:      181
Ran chmod.
DICOMs found:      181
Ran chmod.
DICOMs found:      181
Ran chmod.
DICOMs found:      181
Ran chmod.
DICOMs found:      181
Ran chmod.
DICOMs found:      181
Ran chmod.
DICOMs found:      181
Ran chmod.
DICOMs found:      181
Ran chmod.
DICOMs found:      181
Ran chmod.
DICOMs found:      181
Ran chmod.
DICOMs found:      181
Ran chmod.
DICOMs found:      181
Ran chmod.
DICOMs found:      181
Ran chmod.
DICOMs found:      181
Ran chmod.
DICOMs found:      181
Ran chmod.
DICOMs found:      181
Ran chmod.
DICOMs found:      181
Ran chmod.
DICOMs found:      181
Ran chmod.
DICOMs found:      181
Ran chmod.
DICOMs found:      181
Ran chmod.
DICOMs found:      181
Ran chmod.
DICOMs found:      181
Ran chmod.
DICOMs found:      181
Ran chmod.
DICOMs found:      181
Ran chmod.
DICOMs found:      181
Ran chmod.
DICOMs found:      181
Ran chmod.
DICOMs found:      181
Ran chmod.
DICOMs found:      181
Ran chmod.
DICOMs found:      181
Ran chmod.
DICOMs found:      181
Ran chmod.
DICOMs found:      181
Ran chmod.
DICOMs found:      181
Ran chmod.
DICOMs found:      181
Ran chmod.
DICOMs found:      181
Ran chmod.
DICOMs found:      181
Ran chmod.
DICOMs found:      181
Ran chmod.
DICOMs found:      181
Ran chmod.
DICOMs found:      181
Ran chmod.
DICOMs found:      181
Ran chmod.
DICOMs found:      181
Ran chmod.
DICOMs found:      181
Ran chmod.
DICOMs found:      181
Ran chmod.
DICOMs found:      181
Ran chmod.
DICOMs found:      181
Ran chmod.
DICOMs found:      181
Ran chmod.
DICOMs found:      181
Ran chmod.
DICOMs found:      181
Ran chmod.
DICOMs found:      181
Ran chmod.
DICOMs found:      181
Ran chmod.
DICOMs found:      181
Ran chmod.
DICOMs found:      181
Ran chmod.
DICOMs found:      181
Ran chmod.
DICOMs found:      181
Ran chmod.
DICOMs found:      181
Ran chmod.
DICOMs found:      181
Ran chmod.
DICOMs found:      181
Ran chmod.
DICOMs found:      181
Ran chmod.
DICOMs found:      181
Ran chmod.
DICOMs found:      181
Ran chmod.
DICOMs found:      181
Ran chmod.
DICOMs found:      181
Ran chmod.
DICOMs found:      181
Ran chmod.
DICOMs found:      181
Ran chmod.
DICOMs found:      181
Ran chmod.
DICOMs found:      181
Ran chmod.
DICOMs found:      181
Ran chmod.
DICOMs found:      181
Ran chmod.
DICOMs found:      181
Ran chmod.
DICOMs found:      181
Ran chmod.
DICOMs found:      181
Ran chmod.
DICOMs found:      181
Ran chmod.
DICOMs found:      181
Ran chmod.
DICOMs found:      181
Ran chmod.
DICOMs found:      181
Ran chmod.
DICOMs found:      181
Ran chmod.
DICOMs found:      181
Ran chmod.
DICOMs found:      181
Ran chmod.
DICOMs found:      181
Ran chmod.
DICOMs found:      181
Ran chmod.
DICOMs found:      181
Ran chmod.
DICOMs found:      181
Ran chmod.
DICOMs found:      181
Ran chmod.
DICOMs found:      181
Ran chmod.
DICOMs found:      181
Ran chmod.
DICOMs found:      181
Ran chmod.
DICOMs found:      181
Ran chmod.
DICOMs found:      181
Ran chmod.
DICOMs found:      181
Ran chmod.
DICOMs found:      181
Ran chmod.
DICOMs found:      181
Ran chmod.
DICOMs found:      181
Ran chmod.
DICOMs found:      181
Ran chmod.
DICOMs found:      181
Ran chmod.
DICOMs found:      181
Ran chmod.
DICOMs found:      181
Ran chmod.
DICOMs found:      181
Ran chmod.
DICOMs found:      181
Ran chmod.
DICOMs found:      181
Ran chmod.
DICOMs found:      181
Ran chmod.
DICOMs found:      181
Ran chmod.
DICOMs found:      181
Ran chmod.
DICOMs found:      181
Ran chmod.
DICOMs found:      181
Ran chmod.
DICOMs found:      181
Ran chmod.
DICOMs found:      181
Ran chmod.
DICOMs found:      181
Ran chmod.
DICOMs found:      181
Ran chmod.
DICOMs found:      181
Ran chmod.
DICOMs found:      181
Ran chmod.
DICOMs found:      181
Ran chmod.
DICOMs found:      181
Ran chmod.
DICOMs found:      181
Ran chmod.
DICOMs found:      181
Ran chmod.
DICOMs found:      181
Ran chmod.
DICOMs found:      181
Ran chmod.
DICOMs found:      181
Ran chmod.
DICOMs found:      181
Ran chmod.
DICOMs found:      181
Ran chmod.
DICOMs found:      181
Ran chmod.
DICOMs found:      181
Ran chmod.
DICOMs found:      181
Ran chmod.
DICOMs found:      181
Ran chmod.
DICOMs found:      181
Ran chmod.
DICOMs found:      181
Ran chmod.
DICOMs found:      181
Ran chmod.
DICOMs found:      181
Ran chmod.
DICOMs found:      181
Ran chmod.
DICOMs found:      181
Ran chmod.
DICOMs found:      181
Ran chmod.
DICOMs found:      181
Ran chmod.
DICOMs found:      181
Ran chmod.
DICOMs found:      181
Ran chmod.
DICOMs found:      181
Ran chmod.
DICOMs found:      181
Ran chmod.
DICOMs found:      181
Ran chmod.
DICOMs found:      181
Ran chmod.
DICOMs found:      181
Ran chmod.
DICOMs found:      181
Ran chmod.
DICOMs found:      181
Ran chmod.
DICOMs found:      181
Ran chmod.
DICOMs found:      181
Ran chmod.
DICOMs found:      181
Ran chmod.
DICOMs found:      181
Ran chmod.
DICOMs found:      181
Ran chmod.
DICOMs found:      181
Ran chmod.
DICOMs found:      181
Ran chmod.
DICOMs found:      181
Ran chmod.
DICOMs found:      181
Ran chmod.
DICOMs found:      181
Ran chmod.
DICOMs found:      181
Ran chmod.
DICOMs found:      181
Ran chmod.
DICOMs found:      181
Ran chmod.
DICOMs found:      181
Ran chmod.
DICOMs found:      181
Ran chmod.
DICOMs found:      181
Ran chmod.
DICOMs found:      181
Ran chmod.
DICOMs found:      181
Ran chmod.
DICOMs found:      181
Ran chmod.
DICOMs found:      181
Ran chmod.
DICOMs found:      181
Ran chmod.
DICOMs found:      181
Ran chmod.
DICOMs found:      181
Ran chmod.
DICOMs found:      181
Ran chmod.
DICOMs found:      181
Ran chmod.
DICOMs found:      181
Ran chmod.
DICOMs found:      181
Ran chmod.
DICOMs found:      181
Ran chmod.
DICOMs found:      181
Ran chmod.
DICOMs found:      181
Ran chmod.
DICOMs found:      181
Ran chmod.
DICOMs found:      181
Ran chmod.
DICOMs found:      181
Ran chmod.
DICOMs found:      181
Ran chmod.
DICOMs found:      181
Ran chmod.
DICOMs found:      181
