07/01/2025 12:44:47 passing arg to libvncserver: -passwd
07/01/2025 12:44:47 passing arg to libvncserver: -rfbport
07/01/2025 12:44:47 passing arg to libvncserver: 5999
07/01/2025 12:44:47 x11vnc version: 0.9.16 lastmod: 2019-01-05  pid: 8
07/01/2025 12:44:47 Using X display :99
07/01/2025 12:44:47 rootwin: 0x400 reswin: 0x200001 dpy: 0xd84fbe00
07/01/2025 12:44:47 
07/01/2025 12:44:47 ------------------ USEFUL INFORMATION ------------------
07/01/2025 12:44:47 X DAMAGE available on display, using it for polling hints.
07/01/2025 12:44:47   To disable this behavior use: '-noxdamage'
07/01/2025 12:44:47 
07/01/2025 12:44:47   Most compositing window managers like 'compiz' or 'beryl'
07/01/2025 12:44:47   cause X DAMAGE to fail, and so you may not see any screen
07/01/2025 12:44:47   updates via VNC.  Either disable 'compiz' (recommended) or
07/01/2025 12:44:47   supply the x11vnc '-noxdamage' command line option.
07/01/2025 12:44:47 
07/01/2025 12:44:47 Wireframing: -wireframe mode is in effect for window moves.
07/01/2025 12:44:47   If this yields undesired behavior (poor response, painting
07/01/2025 12:44:47   errors, etc) it may be disabled:
07/01/2025 12:44:47    - use '-nowf' to disable wireframing completely.
07/01/2025 12:44:47    - use '-nowcr' to disable the Copy Rectangle after the
07/01/2025 12:44:48      moved window is released in the new position.
07/01/2025 12:44:48   Also see the -help entry for tuning parameters.
07/01/2025 12:44:48   You can press 3 Alt_L's (Left "Alt" key) in a row to 
07/01/2025 12:44:48   repaint the screen, also see the -fixscreen option for
07/01/2025 12:44:48   periodic repaints.
07/01/2025 12:44:48   Note: '-scale' is on and this can cause more problems.
07/01/2025 12:44:48 
07/01/2025 12:44:48 XFIXES available on display, resetting cursor mode
07/01/2025 12:44:48   to: '-cursor most'.
07/01/2025 12:44:48   to disable this behavior use: '-cursor arrow'
07/01/2025 12:44:48   or '-noxfixes'.
07/01/2025 12:44:48 using XFIXES for cursor drawing.
07/01/2025 12:44:48 GrabServer control via XTEST.
07/01/2025 12:44:48 
07/01/2025 12:44:48 Scroll Detection: -scrollcopyrect mode is in effect to
07/01/2025 12:44:48   use RECORD extension to try to detect scrolling windows
07/01/2025 12:44:48   (induced by either user keystroke or mouse input).
07/01/2025 12:44:48   If this yields undesired behavior (poor response, painting
07/01/2025 12:44:48   errors, etc) it may be disabled via: '-noscr'
07/01/2025 12:44:48   Also see the -help entry for tuning parameters.
07/01/2025 12:44:48   You can press 3 Alt_L's (Left "Alt" key) in a row to 
07/01/2025 12:44:48   repaint the screen, also see the -fixscreen option for
07/01/2025 12:44:48   periodic repaints.
07/01/2025 12:44:48   Note: '-scale' is on and this can cause more problems.
07/01/2025 12:44:48 
07/01/2025 12:44:48 XKEYBOARD: number of keysyms per keycode 7 is greater
07/01/2025 12:44:48   than 4 and 51 keysyms are mapped above 4.
07/01/2025 12:44:48   Automatically switching to -xkb mode.
07/01/2025 12:44:48   If this makes the key mapping worse you can
07/01/2025 12:44:48   disable it with the "-noxkb" option.
07/01/2025 12:44:48   Also, remember "-remap DEAD" for accenting characters.
07/01/2025 12:44:48 
07/01/2025 12:44:48 X FBPM extension not supported.
Xlib:  extension "DPMS" missing on display ":99".
07/01/2025 12:44:48 X display is not capable of DPMS.
07/01/2025 12:44:48 --------------------------------------------------------
07/01/2025 12:44:48 
07/01/2025 12:44:48 Default visual ID: 0x21
07/01/2025 12:44:48 Read initial data from X display into framebuffer.
07/01/2025 12:44:48 initialize_screen: fb_depth/fb_bpp/fb_Bpl 16/16/3840
07/01/2025 12:44:48 scaling disabled for factor 1.000000 1.000000
07/01/2025 12:44:48 
07/01/2025 12:44:48 X display :99 is 16bpp depth=16 true color
07/01/2025 12:44:48 
07/01/2025 12:44:48 Listening for VNC connections on TCP port 5999
07/01/2025 12:44:48 Listening for VNC connections on TCP6 port 5900
07/01/2025 12:44:48 Listening also on IPv6 port 5999 (socket 10)
07/01/2025 12:44:48 
07/01/2025 12:44:48 Xinerama is present and active (e.g. multi-head).
07/01/2025 12:44:48 Xinerama: number of sub-screens: 1
07/01/2025 12:44:48 Xinerama: no blackouts needed (only one sub-screen)
07/01/2025 12:44:48 
07/01/2025 12:44:48 fb read rate: 3905 MB/sec
07/01/2025 12:44:48 fast read: reset -wait  ms to: 10
07/01/2025 12:44:48 fast read: reset -defer ms to: 10
07/01/2025 12:44:48 The X server says there are 10 mouse buttons.
07/01/2025 12:44:48 screen setup finished.
07/01/2025 12:44:48 

The VNC desktop is:      a7f1c58f8f38:99
PORT=5999

******************************************************************************
Have you tried the x11vnc '-ncache' VNC client-side pixel caching feature yet?

The scheme stores pixel data offscreen on the VNC viewer side for faster
retrieval.  It should work with any VNC viewer.  Try it by running:

    x11vnc -ncache 10 ...

One can also add -ncache_cr for smooth 'copyrect' window motion.
More info: http://www.karlrunge.com/x11vnc/faq.html#faq-client-caching

07/01/2025 12:44:48 Got connection from client 192.168.65.1
07/01/2025 12:44:48   other clients:
07/01/2025 12:44:48 Normal socket connection
07/01/2025 12:44:48 Disabled X server key autorepeat.
07/01/2025 12:44:48   to force back on run: 'xset r on' (3 times)
07/01/2025 12:44:48 incr accepted_client=1 for 192.168.65.1:64486  sock=11
07/01/2025 12:44:48 Client Protocol Version 3.3
07/01/2025 12:44:48 Protocol version sent 3.3, using 3.3
07/01/2025 12:44:48 rfbProcessClientNormalMessage: ignoring unsupported encoding type Enc(0x000003F3)
07/01/2025 12:44:48 rfbProcessClientNormalMessage: ignoring unsupported encoding type Enc(0x000003EA)
07/01/2025 12:44:48 Enabling full-color cursor updates for client 192.168.65.1
07/01/2025 12:44:48 rfbProcessClientNormalMessage: ignoring unsupported encoding type Enc(0x00000450)
07/01/2025 12:44:48 rfbProcessClientNormalMessage: ignoring unsupported encoding type Enc(0x0000044C)
07/01/2025 12:44:48 Enabling NewFBSize protocol extension for client 192.168.65.1
07/01/2025 12:44:48 rfbProcessClientNormalMessage: ignoring unsupported encoding type Enc(0x0000044D)
07/01/2025 12:44:48 rfbProcessClientNormalMessage: ignoring unsupported encoding type Enc(0x00000451)
07/01/2025 12:44:48 rfbProcessClientNormalMessage: ignoring unsupported encoding type Enc(0x00000453)
07/01/2025 12:44:48 rfbProcessClientNormalMessage: ignoring unsupported encoding type Enc(0x00000455)
07/01/2025 12:44:48 Using zlib encoding for client 192.168.65.1
07/01/2025 12:44:48 Pixel format for client 192.168.65.1:
07/01/2025 12:44:48   32 bpp, depth 32, little endian
07/01/2025 12:44:48   true colour: max r 255 g 255 b 255, shift r 16 g 8 b 0
07/01/2025 12:44:48 rfbProcessClientNormalMessage: ignoring unsupported encoding type Enc(0x000003F3)
07/01/2025 12:44:48 rfbProcessClientNormalMessage: ignoring unsupported encoding type Enc(0x000003EA)
07/01/2025 12:44:48 Enabling full-color cursor updates for client 192.168.65.1
07/01/2025 12:44:48 rfbProcessClientNormalMessage: ignoring unsupported encoding type Enc(0x00000450)
07/01/2025 12:44:48 rfbProcessClientNormalMessage: ignoring unsupported encoding type Enc(0x0000044C)
07/01/2025 12:44:48 Enabling NewFBSize protocol extension for client 192.168.65.1
07/01/2025 12:44:48 rfbProcessClientNormalMessage: ignoring unsupported encoding type Enc(0x0000044D)
07/01/2025 12:44:48 rfbProcessClientNormalMessage: ignoring unsupported encoding type Enc(0x00000451)
07/01/2025 12:44:48 rfbProcessClientNormalMessage: ignoring unsupported encoding type Enc(0x00000453)
07/01/2025 12:44:48 rfbProcessClientNormalMessage: ignoring unsupported encoding type Enc(0x00000455)
07/01/2025 12:44:48 Switching from zlib to zlib Encoding for client 192.168.65.1
07/01/2025 12:44:49 client_set_net: 192.168.65.1  0.0107
07/01/2025 12:44:49 created   xdamage object: 0x200040
07/01/2025 12:45:04 client_count: 0
07/01/2025 12:45:04 Restored X server key autorepeat to: 1
07/01/2025 12:45:04 Client 192.168.65.1 gone
07/01/2025 12:45:04 Statistics             events    Transmit/ RawEquiv ( saved)
07/01/2025 12:45:04  ServerCutText       :      1 |         8/        8 (  0.0%)
07/01/2025 12:45:04  FramebufferUpdate   :      1 |         0/        0 (  0.0%)
07/01/2025 12:45:04  zlib                :     64 |     10311/  8294400 ( 99.9%)
07/01/2025 12:45:04  RichCursor          :      1 |      1374/     1374 (  0.0%)
07/01/2025 12:45:04  TOTALS              :     67 |     11693/  8295782 ( 99.9%)
07/01/2025 12:45:04 Statistics             events    Received/ RawEquiv ( saved)
07/01/2025 12:45:04  FramebufferUpdate   :     69 |       690/      690 (  0.0%)
07/01/2025 12:45:04  SetPixelFormat      :      1 |        20/       20 (  0.0%)
07/01/2025 12:45:04  SetEncodings        :      2 |       104/      104 (  0.0%)
07/01/2025 12:45:04  TOTALS              :     72 |       814/      814 (  0.0%)
07/01/2025 12:45:04 Got connection from client 192.168.65.1
07/01/2025 12:45:04   other clients:
07/01/2025 12:45:04 Normal socket connection
07/01/2025 12:45:04 Disabled X server key autorepeat.
07/01/2025 12:45:04   to force back on run: 'xset r on' (3 times)
07/01/2025 12:45:04 incr accepted_client=2 for 192.168.65.1:64487  sock=11
07/01/2025 12:45:04 Client Protocol Version 3.3
07/01/2025 12:45:04 Protocol version sent 3.3, using 3.3
07/01/2025 12:45:04 rfbProcessClientNormalMessage: ignoring unsupported encoding type Enc(0x000003F3)
07/01/2025 12:45:04 rfbProcessClientNormalMessage: ignoring unsupported encoding type Enc(0x000003EA)
07/01/2025 12:45:04 Enabling full-color cursor updates for client 192.168.65.1
07/01/2025 12:45:04 rfbProcessClientNormalMessage: ignoring unsupported encoding type Enc(0x00000450)
07/01/2025 12:45:04 rfbProcessClientNormalMessage: ignoring unsupported encoding type Enc(0x0000044C)
07/01/2025 12:45:04 Enabling NewFBSize protocol extension for client 192.168.65.1
07/01/2025 12:45:04 rfbProcessClientNormalMessage: ignoring unsupported encoding type Enc(0x0000044D)
07/01/2025 12:45:04 rfbProcessClientNormalMessage: ignoring unsupported encoding type Enc(0x00000451)
07/01/2025 12:45:04 rfbProcessClientNormalMessage: ignoring unsupported encoding type Enc(0x00000453)
07/01/2025 12:45:04 rfbProcessClientNormalMessage: ignoring unsupported encoding type Enc(0x00000455)
07/01/2025 12:45:04 Using zlib encoding for client 192.168.65.1
07/01/2025 12:45:04 Pixel format for client 192.168.65.1:
07/01/2025 12:45:04   32 bpp, depth 32, little endian
07/01/2025 12:45:04   true colour: max r 255 g 255 b 255, shift r 16 g 8 b 0
07/01/2025 12:45:04 rfbProcessClientNormalMessage: ignoring unsupported encoding type Enc(0x000003F3)
07/01/2025 12:45:04 rfbProcessClientNormalMessage: ignoring unsupported encoding type Enc(0x000003EA)
07/01/2025 12:45:04 Enabling full-color cursor updates for client 192.168.65.1
07/01/2025 12:45:04 rfbProcessClientNormalMessage: ignoring unsupported encoding type Enc(0x00000450)
07/01/2025 12:45:04 rfbProcessClientNormalMessage: ignoring unsupported encoding type Enc(0x0000044C)
07/01/2025 12:45:04 Enabling NewFBSize protocol extension for client 192.168.65.1
07/01/2025 12:45:04 rfbProcessClientNormalMessage: ignoring unsupported encoding type Enc(0x0000044D)
07/01/2025 12:45:04 rfbProcessClientNormalMessage: ignoring unsupported encoding type Enc(0x00000451)
07/01/2025 12:45:04 rfbProcessClientNormalMessage: ignoring unsupported encoding type Enc(0x00000453)
07/01/2025 12:45:04 rfbProcessClientNormalMessage: ignoring unsupported encoding type Enc(0x00000455)
07/01/2025 12:45:04 Switching from zlib to zlib Encoding for client 192.168.65.1
07/01/2025 12:45:16 copy_tiles: allocating first_line at size 61
07/01/2025 12:45:16 client 2 network rate 9157.2 KB/sec (183696.9 eff KB/sec)
07/01/2025 12:45:16 client 2 latency:  0.5 ms
07/01/2025 12:45:16 dt1: 0.0029, dt2: 0.0008 dt3: 0.0005 bytes: 34373
07/01/2025 12:45:16 link_rate: LR_LAN - 1 ms, 9157 KB/s
caught signal: 2
07/01/2025 12:45:47 deleted 60 tile_row polling images.
extra[1] signal: -1
extra[2] signal: 1
